{"contracts/exchange/ExchangeAdapter.sol":{"l":{"15":0,"20":0,"24":0},"path":"/Users/Administrator/Projects/protocol-architecture/contracts/exchange/ExchangeAdapter.sol","s":{"1":0,"2":0,"3":0},"b":{},"f":{"1":0,"2":0,"3":0},"fnMap":{"1":{"name":"setName","line":14,"loc":{"start":{"line":14,"column":4},"end":{"line":14,"column":53}}},"2":{"name":"setAdapterOrderCallback","line":19,"loc":{"start":{"line":19,"column":4},"end":{"line":19,"column":73}}},"3":{"name":"isEnabled","line":23,"loc":{"start":{"line":23,"column":4},"end":{"line":23,"column":59}}}},"statementMap":{"1":{"start":{"line":15,"column":8},"end":{"line":15,"column":24}},"2":{"start":{"line":20,"column":8},"end":{"line":20,"column":39}},"3":{"start":{"line":24,"column":8},"end":{"line":24,"column":39}}},"branchMap":{}},"contracts/exchange/ExchangeAdapterBase.sol":{"l":{},"path":"/Users/Administrator/Projects/protocol-architecture/contracts/exchange/ExchangeAdapterBase.sol","s":{},"b":{},"f":{},"fnMap":{},"statementMap":{},"branchMap":{}},"contracts/exchange/ExchangeAdapterManager.sol":{"l":{"14":1,"15":0,"17":1,"23":1,"25":1,"26":0,"27":0,"30":1,"32":1,"38":0,"39":0,"40":0,"41":0,"42":0,"45":0,"48":0,"49":0,"51":0,"54":0,"61":0,"62":0,"64":0,"65":0,"66":0,"69":0,"70":0,"71":0,"75":0,"76":0,"79":0,"80":0,"81":0,"84":0,"89":0,"90":0,"91":0,"94":0},"path":"/Users/Administrator/Projects/protocol-architecture/contracts/exchange/ExchangeAdapterManager.sol","s":{"1":1,"2":0,"3":1,"4":1,"5":1,"6":0,"7":0,"8":1,"9":1,"10":0,"11":0,"12":0,"13":0,"14":0,"15":0,"16":0,"17":0,"18":0,"19":0,"20":0,"21":0,"22":0,"23":0,"24":0,"25":0,"26":0,"27":0,"28":0,"29":0,"30":0,"31":0,"32":0,"33":0},"b":{"1":[0,1],"2":[1,0],"3":[0,0],"4":[0,0],"5":[0,0],"6":[0,0],"7":[0,0],"8":[0,0],"9":[0,0],"10":[0,0]},"f":{"1":1,"2":1,"3":0,"4":0,"5":0},"fnMap":{"1":{"name":"ExchangeAdapterManager","line":13,"loc":{"start":{"line":13,"column":4},"end":{"line":13,"column":70}}},"2":{"name":"registerExchange","line":20,"loc":{"start":{"line":20,"column":4},"end":{"line":22,"column":5}}},"3":{"name":"unregisterExchange","line":35,"loc":{"start":{"line":35,"column":4},"end":{"line":37,"column":5}}},"4":{"name":"pickExchange","line":59,"loc":{"start":{"line":59,"column":4},"end":{"line":59,"column":101}}},"5":{"name":"checkTokenSupported","line":87,"loc":{"start":{"line":87,"column":4},"end":{"line":87,"column":71}}}},"statementMap":{"1":{"start":{"line":14,"column":8},"end":{"line":14,"column":412}},"2":{"start":{"line":15,"column":12},"end":{"line":15,"column":18}},"3":{"start":{"line":17,"column":8},"end":{"line":17,"column":36}},"4":{"start":{"line":23,"column":8},"end":{"line":23,"column":24}},"5":{"start":{"line":25,"column":8},"end":{"line":25,"column":641}},"6":{"start":{"line":26,"column":12},"end":{"line":26,"column":701}},"7":{"start":{"line":27,"column":16},"end":{"line":27,"column":28}},"8":{"start":{"line":31,"column":13},"end":{"line":31,"column":38}},"9":{"start":{"line":32,"column":8},"end":{"line":32,"column":19}},"10":{"start":{"line":38,"column":8},"end":{"line":38,"column":26}},"11":{"start":{"line":39,"column":8},"end":{"line":39,"column":1027}},"12":{"start":{"line":40,"column":12},"end":{"line":40,"column":1089}},"13":{"start":{"line":41,"column":16},"end":{"line":41,"column":34}},"14":{"start":{"line":45,"column":8},"end":{"line":45,"column":28}},"15":{"start":{"line":48,"column":8},"end":{"line":48,"column":1292}},"16":{"start":{"line":49,"column":12},"end":{"line":49,"column":40}},"17":{"start":{"line":53,"column":13},"end":{"line":53,"column":40}},"18":{"start":{"line":54,"column":8},"end":{"line":54,"column":19}},"19":{"start":{"line":61,"column":8},"end":{"line":61,"column":23}},"20":{"start":{"line":62,"column":8},"end":{"line":62,"column":1718}},"21":{"start":{"line":64,"column":12},"end":{"line":64,"column":44}},"22":{"start":{"line":65,"column":12},"end":{"line":65,"column":1828}},"23":{"start":{"line":69,"column":12},"end":{"line":69,"column":47}},"24":{"start":{"line":70,"column":12},"end":{"line":70,"column":1952}},"25":{"start":{"line":75,"column":12},"end":{"line":75,"column":2066}},"26":{"start":{"line":79,"column":12},"end":{"line":79,"column":2143}},"27":{"start":{"line":80,"column":16},"end":{"line":80,"column":30}},"28":{"start":{"line":81,"column":16},"end":{"line":81,"column":33}},"29":{"start":{"line":84,"column":8},"end":{"line":84,"column":18}},"30":{"start":{"line":89,"column":8},"end":{"line":89,"column":2368}},"31":{"start":{"line":90,"column":12},"end":{"line":90,"column":2428}},"32":{"start":{"line":91,"column":16},"end":{"line":91,"column":27}},"33":{"start":{"line":94,"column":8},"end":{"line":94,"column":20}}},"branchMap":{"1":{"line":14,"type":"if","locations":[{"start":{"line":14,"column":8},"end":{"line":14,"column":8}},{"start":{"line":14,"column":8},"end":{"line":14,"column":8}}]},"2":{"line":23,"type":"if","locations":[{"start":{"line":23,"column":8},"end":{"line":23,"column":8}},{"start":{"line":23,"column":8},"end":{"line":23,"column":8}}]},"3":{"line":26,"type":"if","locations":[{"start":{"line":26,"column":12},"end":{"line":26,"column":12}},{"start":{"line":26,"column":12},"end":{"line":26,"column":12}}]},"4":{"line":40,"type":"if","locations":[{"start":{"line":40,"column":12},"end":{"line":40,"column":12}},{"start":{"line":40,"column":12},"end":{"line":40,"column":12}}]},"5":{"line":45,"type":"if","locations":[{"start":{"line":45,"column":8},"end":{"line":45,"column":8}},{"start":{"line":45,"column":8},"end":{"line":45,"column":8}}]},"6":{"line":65,"type":"if","locations":[{"start":{"line":65,"column":12},"end":{"line":65,"column":12}},{"start":{"line":65,"column":12},"end":{"line":65,"column":12}}]},"7":{"line":70,"type":"if","locations":[{"start":{"line":70,"column":12},"end":{"line":70,"column":12}},{"start":{"line":70,"column":12},"end":{"line":70,"column":12}}]},"8":{"line":75,"type":"if","locations":[{"start":{"line":75,"column":12},"end":{"line":75,"column":12}},{"start":{"line":75,"column":12},"end":{"line":75,"column":12}}]},"9":{"line":79,"type":"if","locations":[{"start":{"line":79,"column":12},"end":{"line":79,"column":12}},{"start":{"line":79,"column":12},"end":{"line":79,"column":12}}]},"10":{"line":90,"type":"if","locations":[{"start":{"line":90,"column":12},"end":{"line":90,"column":12}},{"start":{"line":90,"column":12},"end":{"line":90,"column":12}}]}}},"contracts/exchange/ExchangeProvider.sol":{"l":{"33":1,"37":0,"38":0,"43":0,"44":0,"47":0,"56":0,"60":0,"61":0,"62":0,"63":0,"66":0,"67":0,"68":0,"69":0,"74":0,"75":0,"77":0,"79":0,"80":0,"82":0,"84":0,"90":0,"91":0,"92":0,"94":0,"95":0,"97":0,"98":0,"99":0,"100":0,"105":0,"106":0,"111":0,"112":0,"113":0,"114":0,"116":0,"117":0,"119":0,"120":0,"122":0,"127":0,"128":0,"129":0,"130":0,"132":0,"133":0,"135":0,"137":0,"138":0,"140":0,"141":0,"148":0,"149":0,"150":0,"153":0,"154":0,"155":0,"156":0,"157":0,"158":0,"161":0,"162":0,"165":0,"167":0,"168":0,"169":0,"172":0,"173":0,"175":0,"177":0,"179":0,"180":0,"185":0,"190":0,"191":0,"193":0,"194":0,"198":0,"199":0,"202":0,"207":0,"209":0,"211":0,"212":0,"213":0,"214":0,"216":0,"218":0,"223":0,"224":0,"225":0,"227":0,"228":0,"229":0,"231":0,"236":0,"238":0,"239":0,"240":0,"241":0,"242":0,"245":0,"247":0,"248":0,"249":0,"251":0,"253":0,"255":0,"260":0,"261":0},"path":"/Users/Administrator/Projects/protocol-architecture/contracts/exchange/ExchangeProvider.sol","s":{"1":1,"2":0,"3":0,"4":0,"5":0,"6":0,"7":0,"8":0,"9":0,"10":0,"11":0,"12":0,"13":0,"14":0,"15":0,"16":0,"17":0,"18":0,"19":0,"20":0,"21":0,"22":0,"23":0,"24":0,"25":0,"26":0,"27":0,"28":0,"29":0,"30":0,"31":0,"32":0,"33":0,"34":0,"35":0,"36":0,"37":0,"38":0,"39":0,"40":0,"41":0,"42":0,"43":0,"44":0,"45":0,"46":0,"47":0,"48":0,"49":0,"50":0,"51":0,"52":0,"53":0,"54":0,"55":0,"56":0,"57":0,"58":0,"59":0,"60":0,"61":0,"62":0,"63":0,"64":0,"65":0,"66":0,"67":0,"68":0,"69":0,"70":0,"71":0,"72":0,"73":0,"74":0,"75":0,"76":0,"77":0,"78":0,"79":0,"80":0,"81":0,"82":0,"83":0,"84":0,"85":0,"86":0,"87":0,"88":0,"89":0,"90":0,"91":0,"92":0,"93":0,"94":0,"95":0,"96":0,"97":0,"98":0,"99":0,"100":0,"101":0,"102":0,"103":0,"104":0},"b":{"1":[0,0],"2":[0,0],"3":[0,0],"4":[0,0],"5":[0,0],"6":[0,0],"7":[0,0],"8":[0,0],"9":[0,0],"10":[0,0],"11":[0,0],"12":[0,0],"13":[0,0],"14":[0,0],"15":[0,0],"16":[0,0],"17":[0,0],"18":[0,0],"19":[0,0],"20":[0,0],"21":[0,0],"22":[0,0],"23":[0,0],"24":[0,0],"25":[0,0],"26":[0,0],"27":[0,0]},"f":{"1":1,"2":0,"3":0,"4":0,"5":0,"6":0,"7":0,"8":0,"9":0,"10":0,"11":0,"12":0,"13":0,"14":0},"fnMap":{"1":{"name":"ExchangeProvider","line":32,"loc":{"start":{"line":32,"column":4},"end":{"line":32,"column":60}}},"2":{"name":"setMarketOrderCallback","line":36,"loc":{"start":{"line":36,"column":4},"end":{"line":36,"column":72}}},"3":{"name":"startPlaceOrder","line":41,"loc":{"start":{"line":41,"column":4},"end":{"line":41,"column":79}}},"4":{"name":"addPlaceOrderItem","line":59,"loc":{"start":{"line":59,"column":4},"end":{"line":59,"column":101}}},"5":{"name":"endPlaceOrder","line":72,"loc":{"start":{"line":72,"column":4},"end":{"line":72,"column":69}}},"6":{"name":"checkOrderValid","line":109,"loc":{"start":{"line":109,"column":4},"end":{"line":109,"column":67}}},"7":{"name":"adapterApprovedImmediately","line":125,"loc":{"start":{"line":125,"column":4},"end":{"line":125,"column":174}}},"8":{"name":"adapterApproved","line":146,"loc":{"start":{"line":146,"column":4},"end":{"line":146,"column":85}}},"9":{"name":"getExpectAmount","line":183,"loc":{"start":{"line":183,"column":4},"end":{"line":183,"column":73}}},"10":{"name":"checkMarketOrderStatus","line":188,"loc":{"start":{"line":188,"column":4},"end":{"line":188,"column":69}}},"11":{"name":"_pickExchanges","line":205,"loc":{"start":{"line":205,"column":4},"end":{"line":205,"column":110}}},"12":{"name":"cancelOrder","line":221,"loc":{"start":{"line":221,"column":4},"end":{"line":221,"column":68}}},"13":{"name":"getSubOrderStatus","line":234,"loc":{"start":{"line":234,"column":4},"end":{"line":234,"column":96}}},"14":{"name":"checkTokenSupported","line":259,"loc":{"start":{"line":259,"column":4},"end":{"line":259,"column":71}}}},"statementMap":{"1":{"start":{"line":33,"column":8},"end":{"line":33,"column":66}},"2":{"start":{"line":37,"column":8},"end":{"line":37,"column":38}},"3":{"start":{"line":38,"column":8},"end":{"line":38,"column":14}},"4":{"start":{"line":43,"column":8},"end":{"line":43,"column":1346}},"5":{"start":{"line":44,"column":12},"end":{"line":44,"column":24}},"6":{"start":{"line":47,"column":8},"end":{"line":47,"column":1439}},"7":{"start":{"line":56,"column":8},"end":{"line":56,"column":19}},"8":{"start":{"line":60,"column":8},"end":{"line":60,"column":49}},"9":{"start":{"line":61,"column":8},"end":{"line":61,"column":1960}},"10":{"start":{"line":62,"column":12},"end":{"line":62,"column":2025}},"11":{"start":{"line":63,"column":16},"end":{"line":63,"column":28}},"12":{"start":{"line":69,"column":8},"end":{"line":69,"column":19}},"13":{"start":{"line":74,"column":8},"end":{"line":74,"column":2378}},"14":{"start":{"line":75,"column":12},"end":{"line":75,"column":24}},"15":{"start":{"line":77,"column":8},"end":{"line":77,"column":36}},"16":{"start":{"line":79,"column":8},"end":{"line":79,"column":49}},"17":{"start":{"line":80,"column":8},"end":{"line":80,"column":108}},"18":{"start":{"line":82,"column":8},"end":{"line":82,"column":2665}},"19":{"start":{"line":84,"column":12},"end":{"line":84,"column":2742}},"20":{"start":{"line":90,"column":12},"end":{"line":90,"column":2926}},"21":{"start":{"line":91,"column":16},"end":{"line":91,"column":23}},"22":{"start":{"line":92,"column":16},"end":{"line":92,"column":28}},"23":{"start":{"line":97,"column":12},"end":{"line":97,"column":3165}},"24":{"start":{"line":98,"column":16},"end":{"line":98,"column":3270}},"25":{"start":{"line":99,"column":20},"end":{"line":99,"column":27}},"26":{"start":{"line":100,"column":20},"end":{"line":100,"column":32}},"27":{"start":{"line":105,"column":8},"end":{"line":105,"column":64}},"28":{"start":{"line":106,"column":8},"end":{"line":106,"column":19}},"29":{"start":{"line":111,"column":8},"end":{"line":111,"column":21}},"30":{"start":{"line":112,"column":8},"end":{"line":112,"column":49}},"31":{"start":{"line":113,"column":8},"end":{"line":113,"column":3786}},"32":{"start":{"line":114,"column":12},"end":{"line":114,"column":24}},"33":{"start":{"line":116,"column":8},"end":{"line":116,"column":3860}},"34":{"start":{"line":117,"column":12},"end":{"line":117,"column":36}},"35":{"start":{"line":119,"column":8},"end":{"line":119,"column":3966}},"36":{"start":{"line":120,"column":12},"end":{"line":120,"column":24}},"37":{"start":{"line":122,"column":8},"end":{"line":122,"column":19}},"38":{"start":{"line":127,"column":8},"end":{"line":127,"column":40}},"39":{"start":{"line":128,"column":8},"end":{"line":128,"column":56}},"40":{"start":{"line":129,"column":8},"end":{"line":129,"column":4348}},"41":{"start":{"line":130,"column":12},"end":{"line":130,"column":24}},"42":{"start":{"line":132,"column":8},"end":{"line":132,"column":4441}},"43":{"start":{"line":133,"column":12},"end":{"line":133,"column":24}},"44":{"start":{"line":135,"column":8},"end":{"line":135,"column":34}},"45":{"start":{"line":137,"column":8},"end":{"line":137,"column":4596}},"46":{"start":{"line":138,"column":12},"end":{"line":138,"column":24}},"47":{"start":{"line":140,"column":8},"end":{"line":140,"column":59}},"48":{"start":{"line":141,"column":8},"end":{"line":141,"column":51}},"49":{"start":{"line":148,"column":8},"end":{"line":148,"column":74}},"50":{"start":{"line":149,"column":8},"end":{"line":149,"column":5056}},"51":{"start":{"line":150,"column":12},"end":{"line":150,"column":24}},"52":{"start":{"line":153,"column":8},"end":{"line":153,"column":49}},"53":{"start":{"line":154,"column":8},"end":{"line":154,"column":25}},"54":{"start":{"line":155,"column":8},"end":{"line":155,"column":5197}},"55":{"start":{"line":156,"column":12},"end":{"line":156,"column":5269}},"56":{"start":{"line":157,"column":16},"end":{"line":157,"column":27}},"57":{"start":{"line":161,"column":8},"end":{"line":161,"column":5398}},"58":{"start":{"line":162,"column":12},"end":{"line":162,"column":24}},"59":{"start":{"line":165,"column":8},"end":{"line":165,"column":36}},"60":{"start":{"line":167,"column":8},"end":{"line":167,"column":76}},"61":{"start":{"line":168,"column":8},"end":{"line":168,"column":5575}},"62":{"start":{"line":169,"column":12},"end":{"line":169,"column":24}},"63":{"start":{"line":172,"column":8},"end":{"line":172,"column":5678}},"64":{"start":{"line":173,"column":12},"end":{"line":173,"column":24}},"65":{"start":{"line":175,"column":8},"end":{"line":175,"column":44}},"66":{"start":{"line":179,"column":8},"end":{"line":179,"column":45}},"67":{"start":{"line":180,"column":8},"end":{"line":180,"column":19}},"68":{"start":{"line":185,"column":8},"end":{"line":185,"column":44}},"69":{"start":{"line":190,"column":8},"end":{"line":190,"column":49}},"70":{"start":{"line":191,"column":8},"end":{"line":191,"column":6261}},"71":{"start":{"line":193,"column":12},"end":{"line":193,"column":6413}},"72":{"start":{"line":194,"column":16},"end":{"line":194,"column":28}},"73":{"start":{"line":198,"column":8},"end":{"line":198,"column":6608}},"74":{"start":{"line":202,"column":8},"end":{"line":202,"column":19}},"75":{"start":{"line":207,"column":8},"end":{"line":207,"column":89}},"76":{"start":{"line":209,"column":8},"end":{"line":209,"column":17}},"77":{"start":{"line":211,"column":8},"end":{"line":211,"column":7066}},"78":{"start":{"line":212,"column":12},"end":{"line":212,"column":91}},"79":{"start":{"line":213,"column":12},"end":{"line":213,"column":7213}},"80":{"start":{"line":214,"column":16},"end":{"line":214,"column":48}},"81":{"start":{"line":216,"column":12},"end":{"line":216,"column":59}},"82":{"start":{"line":218,"column":8},"end":{"line":218,"column":31}},"83":{"start":{"line":223,"column":8},"end":{"line":223,"column":49}},"84":{"start":{"line":224,"column":8},"end":{"line":224,"column":39}},"85":{"start":{"line":225,"column":8},"end":{"line":225,"column":62}},"86":{"start":{"line":227,"column":8},"end":{"line":227,"column":17}},"87":{"start":{"line":228,"column":8},"end":{"line":228,"column":7678}},"88":{"start":{"line":231,"column":8},"end":{"line":231,"column":19}},"89":{"start":{"line":236,"column":8},"end":{"line":236,"column":49}},"90":{"start":{"line":238,"column":8},"end":{"line":238,"column":25}},"91":{"start":{"line":239,"column":8},"end":{"line":239,"column":8036}},"92":{"start":{"line":240,"column":12},"end":{"line":240,"column":8099}},"93":{"start":{"line":241,"column":16},"end":{"line":241,"column":27}},"94":{"start":{"line":245,"column":8},"end":{"line":245,"column":21}},"95":{"start":{"line":247,"column":8},"end":{"line":247,"column":100}},"96":{"start":{"line":248,"column":8},"end":{"line":248,"column":8356}},"97":{"start":{"line":249,"column":12},"end":{"line":249,"column":44}},"98":{"start":{"line":250,"column":15},"end":{"line":250,"column":8488}},"99":{"start":{"line":251,"column":12},"end":{"line":251,"column":46}},"100":{"start":{"line":252,"column":15},"end":{"line":252,"column":8590}},"101":{"start":{"line":253,"column":12},"end":{"line":253,"column":46}},"102":{"start":{"line":255,"column":12},"end":{"line":255,"column":44}},"103":{"start":{"line":260,"column":8},"end":{"line":260,"column":37}},"104":{"start":{"line":261,"column":8},"end":{"line":261,"column":57}}},"branchMap":{"1":{"line":43,"type":"if","locations":[{"start":{"line":43,"column":8},"end":{"line":43,"column":8}},{"start":{"line":43,"column":8},"end":{"line":43,"column":8}}]},"2":{"line":62,"type":"if","locations":[{"start":{"line":62,"column":12},"end":{"line":62,"column":12}},{"start":{"line":62,"column":12},"end":{"line":62,"column":12}}]},"3":{"line":74,"type":"if","locations":[{"start":{"line":74,"column":8},"end":{"line":74,"column":8}},{"start":{"line":74,"column":8},"end":{"line":74,"column":8}}]},"4":{"line":90,"type":"if","locations":[{"start":{"line":90,"column":12},"end":{"line":90,"column":12}},{"start":{"line":90,"column":12},"end":{"line":90,"column":12}}]},"5":{"line":97,"type":"if","locations":[{"start":{"line":97,"column":12},"end":{"line":97,"column":12}},{"start":{"line":97,"column":12},"end":{"line":97,"column":12}}]},"6":{"line":98,"type":"if","locations":[{"start":{"line":98,"column":16},"end":{"line":98,"column":16}},{"start":{"line":98,"column":16},"end":{"line":98,"column":16}}]},"7":{"line":113,"type":"if","locations":[{"start":{"line":113,"column":8},"end":{"line":113,"column":8}},{"start":{"line":113,"column":8},"end":{"line":113,"column":8}}]},"8":{"line":119,"type":"if","locations":[{"start":{"line":119,"column":8},"end":{"line":119,"column":8}},{"start":{"line":119,"column":8},"end":{"line":119,"column":8}}]},"9":{"line":129,"type":"if","locations":[{"start":{"line":129,"column":8},"end":{"line":129,"column":8}},{"start":{"line":129,"column":8},"end":{"line":129,"column":8}}]},"10":{"line":132,"type":"if","locations":[{"start":{"line":132,"column":8},"end":{"line":132,"column":8}},{"start":{"line":132,"column":8},"end":{"line":132,"column":8}}]},"11":{"line":137,"type":"if","locations":[{"start":{"line":137,"column":8},"end":{"line":137,"column":8}},{"start":{"line":137,"column":8},"end":{"line":137,"column":8}}]},"12":{"line":149,"type":"if","locations":[{"start":{"line":149,"column":8},"end":{"line":149,"column":8}},{"start":{"line":149,"column":8},"end":{"line":149,"column":8}}]},"13":{"line":156,"type":"if","locations":[{"start":{"line":156,"column":12},"end":{"line":156,"column":12}},{"start":{"line":156,"column":12},"end":{"line":156,"column":12}}]},"14":{"line":161,"type":"if","locations":[{"start":{"line":161,"column":8},"end":{"line":161,"column":8}},{"start":{"line":161,"column":8},"end":{"line":161,"column":8}}]},"15":{"line":168,"type":"if","locations":[{"start":{"line":168,"column":8},"end":{"line":168,"column":8}},{"start":{"line":168,"column":8},"end":{"line":168,"column":8}}]},"16":{"line":172,"type":"if","locations":[{"start":{"line":172,"column":8},"end":{"line":172,"column":8}},{"start":{"line":172,"column":8},"end":{"line":172,"column":8}}]},"17":{"line":193,"type":"if","locations":[{"start":{"line":193,"column":12},"end":{"line":193,"column":12}},{"start":{"line":193,"column":12},"end":{"line":193,"column":12}}]},"18":{"line":198,"type":"if","locations":[{"start":{"line":198,"column":8},"end":{"line":198,"column":8}},{"start":{"line":198,"column":8},"end":{"line":198,"column":8}}]},"19":{"line":213,"type":"if","locations":[{"start":{"line":213,"column":12},"end":{"line":213,"column":12}},{"start":{"line":213,"column":12},"end":{"line":213,"column":12}}]},"20":{"line":224,"type":"if","locations":[{"start":{"line":224,"column":8},"end":{"line":224,"column":8}},{"start":{"line":224,"column":8},"end":{"line":224,"column":8}}]},"21":{"line":225,"type":"if","locations":[{"start":{"line":225,"column":8},"end":{"line":225,"column":8}},{"start":{"line":225,"column":8},"end":{"line":225,"column":8}}]},"22":{"line":240,"type":"if","locations":[{"start":{"line":240,"column":12},"end":{"line":240,"column":12}},{"start":{"line":240,"column":12},"end":{"line":240,"column":12}}]},"23":{"line":245,"type":"if","locations":[{"start":{"line":245,"column":8},"end":{"line":245,"column":8}},{"start":{"line":245,"column":8},"end":{"line":245,"column":8}}]},"24":{"line":248,"type":"if","locations":[{"start":{"line":248,"column":8},"end":{"line":248,"column":8}},{"start":{"line":248,"column":8},"end":{"line":248,"column":8}}]},"25":{"line":250,"type":"if","locations":[{"start":{"line":250,"column":15},"end":{"line":250,"column":15}},{"start":{"line":250,"column":15},"end":{"line":250,"column":15}}]},"26":{"line":252,"type":"if","locations":[{"start":{"line":252,"column":15},"end":{"line":252,"column":15}},{"start":{"line":252,"column":15},"end":{"line":252,"column":15}}]},"27":{"line":260,"type":"if","locations":[{"start":{"line":260,"column":8},"end":{"line":260,"column":8}},{"start":{"line":260,"column":8},"end":{"line":260,"column":8}}]}}},"contracts/exchange/ExchangeProviderInterface.sol":{"l":{},"path":"/Users/Administrator/Projects/protocol-architecture/contracts/exchange/ExchangeProviderInterface.sol","s":{},"b":{},"f":{},"fnMap":{},"statementMap":{},"branchMap":{}},"contracts/exchange/ExchangeProviderWrap.sol":{"l":{"12":1,"17":0,"18":0,"19":0,"21":0},"path":"/Users/Administrator/Projects/protocol-architecture/contracts/exchange/ExchangeProviderWrap.sol","s":{"1":1,"2":0,"3":0,"4":0,"5":0},"b":{"1":[0,0],"2":[0,0],"3":[0,0]},"f":{"1":1,"2":0},"fnMap":{"1":{"name":"ExchangeProviderWrap","line":11,"loc":{"start":{"line":11,"column":4},"end":{"line":11,"column":59}}},"2":{"name":"buy","line":15,"loc":{"start":{"line":15,"column":4},"end":{"line":15,"column":127}}}},"statementMap":{"1":{"start":{"line":12,"column":8},"end":{"line":12,"column":20}},"2":{"start":{"line":17,"column":8},"end":{"line":17,"column":57}},"3":{"start":{"line":18,"column":8},"end":{"line":18,"column":523}},"4":{"start":{"line":19,"column":12},"end":{"line":19,"column":93}},"5":{"start":{"line":21,"column":8},"end":{"line":21,"column":64}}},"branchMap":{"1":{"line":17,"type":"if","locations":[{"start":{"line":17,"column":8},"end":{"line":17,"column":8}},{"start":{"line":17,"column":8},"end":{"line":17,"column":8}}]},"2":{"line":19,"type":"if","locations":[{"start":{"line":19,"column":12},"end":{"line":19,"column":12}},{"start":{"line":19,"column":12},"end":{"line":19,"column":12}}]},"3":{"line":21,"type":"if","locations":[{"start":{"line":21,"column":8},"end":{"line":21,"column":8}},{"start":{"line":21,"column":8},"end":{"line":21,"column":8}}]}}},"contracts/exchange/exchanges/KyberNetwork.sol":{"l":{"36":1,"37":1,"38":1,"42":0,"43":0,"44":0,"45":0,"50":0,"51":0,"54":0,"55":0,"57":0,"58":0,"59":0,"63":0,"71":0,"78":0,"79":0,"81":0,"85":0,"89":0,"90":0,"91":0,"92":0,"94":0,"95":0,"96":0,"98":0,"99":0,"104":0,"108":0,"109":0,"111":0,"112":0,"115":0,"116":0,"121":0,"127":0},"path":"/Users/Administrator/Projects/protocol-architecture/contracts/exchange/exchanges/KyberNetwork.sol","s":{"1":1,"2":1,"3":1,"4":0,"5":0,"6":0,"7":0,"8":0,"9":0,"10":0,"11":0,"12":0,"13":0,"14":0,"15":0,"16":0,"17":0,"18":0,"19":0,"20":0,"21":0,"22":0,"23":0,"24":0,"25":0,"26":0,"27":0,"28":0,"29":0,"30":0,"31":0,"32":0},"b":{"1":[1,0],"2":[0,0],"3":[0,0],"4":[0,0],"5":[0,0],"6":[0,0],"7":[0,0],"8":[0,0]},"f":{"1":1,"2":0,"3":0,"4":0,"5":0,"6":0,"7":0,"8":0,"9":0},"fnMap":{"1":{"name":"KyberNetworkExchange","line":35,"loc":{"start":{"line":35,"column":4},"end":{"line":35,"column":58}}},"2":{"name":"getRate","line":41,"loc":{"start":{"line":41,"column":4},"end":{"line":41,"column":70}}},"3":{"name":"placeOrder","line":48,"loc":{"start":{"line":48,"column":4},"end":{"line":48,"column":119}}},"4":{"name":"payOrder","line":88,"loc":{"start":{"line":88,"column":4},"end":{"line":88,"column":70}}},"5":{"name":"getExpectAmount","line":102,"loc":{"start":{"line":102,"column":4},"end":{"line":102,"column":76}}},"6":{"name":"cancelOrder","line":107,"loc":{"start":{"line":107,"column":4},"end":{"line":107,"column":65}}},"7":{"name":"getOrderStatus","line":119,"loc":{"start":{"line":119,"column":4},"end":{"line":119,"column":80}}},"8":{"name":null,"line":124,"loc":{"start":{"line":124,"column":4},"end":{"line":124,"column":37}}},"9":{"name":"withdrawl","line":126,"loc":{"start":{"line":126,"column":4},"end":{"line":126,"column":39}}}},"statementMap":{"1":{"start":{"line":36,"column":8},"end":{"line":36,"column":38}},"2":{"start":{"line":37,"column":8},"end":{"line":37,"column":21}},"3":{"start":{"line":38,"column":8},"end":{"line":38,"column":30}},"4":{"start":{"line":44,"column":8},"end":{"line":44,"column":93}},"5":{"start":{"line":45,"column":8},"end":{"line":45,"column":32}},"6":{"start":{"line":50,"column":8},"end":{"line":50,"column":1413}},"7":{"start":{"line":51,"column":12},"end":{"line":51,"column":20}},"8":{"start":{"line":57,"column":8},"end":{"line":57,"column":92}},"9":{"start":{"line":58,"column":8},"end":{"line":58,"column":1631}},"10":{"start":{"line":59,"column":12},"end":{"line":59,"column":20}},"11":{"start":{"line":71,"column":8},"end":{"line":71,"column":56}},"12":{"start":{"line":78,"column":8},"end":{"line":78,"column":2164}},"13":{"start":{"line":79,"column":12},"end":{"line":79,"column":20}},"14":{"start":{"line":81,"column":8},"end":{"line":81,"column":2247}},"15":{"start":{"line":85,"column":8},"end":{"line":85,"column":22}},"16":{"start":{"line":89,"column":8},"end":{"line":89,"column":46}},"17":{"start":{"line":90,"column":8},"end":{"line":90,"column":2516}},"18":{"start":{"line":91,"column":12},"end":{"line":91,"column":19}},"19":{"start":{"line":92,"column":12},"end":{"line":92,"column":24}},"20":{"start":{"line":94,"column":8},"end":{"line":94,"column":2620}},"21":{"start":{"line":95,"column":12},"end":{"line":95,"column":19}},"22":{"start":{"line":96,"column":12},"end":{"line":96,"column":24}},"23":{"start":{"line":98,"column":8},"end":{"line":98,"column":60}},"24":{"start":{"line":99,"column":8},"end":{"line":99,"column":19}},"25":{"start":{"line":104,"column":8},"end":{"line":104,"column":47}},"26":{"start":{"line":108,"column":8},"end":{"line":108,"column":46}},"27":{"start":{"line":109,"column":8},"end":{"line":109,"column":28}},"28":{"start":{"line":111,"column":8},"end":{"line":111,"column":3102}},"29":{"start":{"line":112,"column":12},"end":{"line":112,"column":24}},"30":{"start":{"line":115,"column":8},"end":{"line":115,"column":60}},"31":{"start":{"line":116,"column":8},"end":{"line":116,"column":19}},"32":{"start":{"line":121,"column":8},"end":{"line":121,"column":44}}},"branchMap":{"1":{"line":36,"type":"if","locations":[{"start":{"line":36,"column":8},"end":{"line":36,"column":8}},{"start":{"line":36,"column":8},"end":{"line":36,"column":8}}]},"2":{"line":50,"type":"if","locations":[{"start":{"line":50,"column":8},"end":{"line":50,"column":8}},{"start":{"line":50,"column":8},"end":{"line":50,"column":8}}]},"3":{"line":58,"type":"if","locations":[{"start":{"line":58,"column":8},"end":{"line":58,"column":8}},{"start":{"line":58,"column":8},"end":{"line":58,"column":8}}]},"4":{"line":78,"type":"if","locations":[{"start":{"line":78,"column":8},"end":{"line":78,"column":8}},{"start":{"line":78,"column":8},"end":{"line":78,"column":8}}]},"5":{"line":90,"type":"if","locations":[{"start":{"line":90,"column":8},"end":{"line":90,"column":8}},{"start":{"line":90,"column":8},"end":{"line":90,"column":8}}]},"6":{"line":94,"type":"if","locations":[{"start":{"line":94,"column":8},"end":{"line":94,"column":8}},{"start":{"line":94,"column":8},"end":{"line":94,"column":8}}]},"7":{"line":109,"type":"if","locations":[{"start":{"line":109,"column":8},"end":{"line":109,"column":8}},{"start":{"line":109,"column":8},"end":{"line":109,"column":8}}]},"8":{"line":111,"type":"if","locations":[{"start":{"line":111,"column":8},"end":{"line":111,"column":8}},{"start":{"line":111,"column":8},"end":{"line":111,"column":8}}]}}},"contracts/exchange/exchanges/MockKyberNetwork.sol":{"l":{"17":1,"18":1,"19":10,"27":0,"28":0,"29":0,"31":0,"37":0,"43":0,"44":0,"45":0,"48":0,"62":0,"63":0,"64":0,"65":0,"67":0,"68":0,"69":0,"70":0,"75":0},"path":"/Users/Administrator/Projects/protocol-architecture/contracts/exchange/exchanges/MockKyberNetwork.sol","s":{"1":1,"2":1,"3":0,"4":0,"5":0,"6":0,"7":0,"8":0,"9":0,"10":0,"11":0,"12":0,"13":0,"14":0,"15":0,"16":0,"17":0},"b":{"1":[1,0],"2":[0,0],"3":[0,0],"4":[0,0]},"f":{"1":1,"2":0,"3":0,"4":0,"5":0,"6":0},"fnMap":{"1":{"name":"MockKyberNetwork","line":16,"loc":{"start":{"line":16,"column":4},"end":{"line":16,"column":46}}},"2":{"name":"supportedTokens","line":26,"loc":{"start":{"line":26,"column":4},"end":{"line":26,"column":60}}},"3":{"name":"getExpectedRate","line":34,"loc":{"start":{"line":34,"column":4},"end":{"line":36,"column":5}}},"4":{"name":"_getExpectedRate","line":40,"loc":{"start":{"line":40,"column":4},"end":{"line":42,"column":5}}},"5":{"name":"trade","line":51,"loc":{"start":{"line":51,"column":4},"end":{"line":60,"column":5}}},"6":{"name":"getExpectAmount","line":73,"loc":{"start":{"line":73,"column":4},"end":{"line":73,"column":76}}}},"statementMap":{"1":{"start":{"line":17,"column":8},"end":{"line":17,"column":40}},"2":{"start":{"line":18,"column":8},"end":{"line":18,"column":435}},"3":{"start":{"line":27,"column":8},"end":{"line":27,"column":70}},"4":{"start":{"line":28,"column":8},"end":{"line":28,"column":779}},"5":{"start":{"line":29,"column":12},"end":{"line":29,"column":56}},"6":{"start":{"line":31,"column":8},"end":{"line":31,"column":21}},"7":{"start":{"line":37,"column":8},"end":{"line":37,"column":48}},"8":{"start":{"line":43,"column":8},"end":{"line":43,"column":1265}},"9":{"start":{"line":44,"column":12},"end":{"line":44,"column":1332}},"10":{"start":{"line":45,"column":16},"end":{"line":45,"column":88}},"11":{"start":{"line":48,"column":8},"end":{"line":48,"column":21}},"12":{"start":{"line":62,"column":8},"end":{"line":62,"column":38}},"13":{"start":{"line":65,"column":8},"end":{"line":65,"column":77}},"14":{"start":{"line":67,"column":8},"end":{"line":67,"column":47}},"15":{"start":{"line":68,"column":8},"end":{"line":68,"column":69}},"16":{"start":{"line":70,"column":8},"end":{"line":70,"column":25}},"17":{"start":{"line":75,"column":8},"end":{"line":75,"column":47}}},"branchMap":{"1":{"line":17,"type":"if","locations":[{"start":{"line":17,"column":8},"end":{"line":17,"column":8}},{"start":{"line":17,"column":8},"end":{"line":17,"column":8}}]},"2":{"line":44,"type":"if","locations":[{"start":{"line":44,"column":12},"end":{"line":44,"column":12}},{"start":{"line":44,"column":12},"end":{"line":44,"column":12}}]},"3":{"line":62,"type":"if","locations":[{"start":{"line":62,"column":8},"end":{"line":62,"column":8}},{"start":{"line":62,"column":8},"end":{"line":62,"column":8}}]},"4":{"line":67,"type":"if","locations":[{"start":{"line":67,"column":8},"end":{"line":67,"column":8}},{"start":{"line":67,"column":8},"end":{"line":67,"column":8}}]}}},"contracts/exchange/exchanges/ShipShiftExchange.sol":{"l":{},"path":"/Users/Administrator/Projects/protocol-architecture/contracts/exchange/exchanges/ShipShiftExchange.sol","s":{},"b":{},"f":{},"fnMap":{},"statementMap":{},"branchMap":{}},"contracts/exchange/Interfaces.sol":{"l":{},"path":"/Users/Administrator/Projects/protocol-architecture/contracts/exchange/Interfaces.sol","s":{},"b":{},"f":{},"fnMap":{},"statementMap":{},"branchMap":{}},"contracts/libs/Converter.sol":{"l":{"6":3,"12":0,"13":0,"14":0,"15":0,"16":0,"17":0,"18":0,"22":0,"23":0,"24":0,"26":0},"path":"/Users/Administrator/Projects/protocol-architecture/contracts/libs/Converter.sol","s":{"1":0,"2":0,"3":0,"4":0,"5":0,"6":0,"7":0,"8":0,"9":0,"10":0},"b":{"1":[0,0]},"f":{"1":3,"2":0},"fnMap":{"1":{"name":"stringToBytes32","line":5,"loc":{"start":{"line":5,"column":4},"end":{"line":5,"column":87}}},"2":{"name":"bytes32ToString","line":11,"loc":{"start":{"line":11,"column":4},"end":{"line":11,"column":68}}}},"statementMap":{"1":{"start":{"line":12,"column":8},"end":{"line":12,"column":47}},"2":{"start":{"line":13,"column":8},"end":{"line":13,"column":25}},"3":{"start":{"line":14,"column":8},"end":{"line":14,"column":388}},"4":{"start":{"line":15,"column":12},"end":{"line":15,"column":60}},"5":{"start":{"line":16,"column":12},"end":{"line":16,"column":499}},"6":{"start":{"line":17,"column":16},"end":{"line":17,"column":44}},"7":{"start":{"line":22,"column":8},"end":{"line":22,"column":61}},"8":{"start":{"line":23,"column":8},"end":{"line":23,"column":685}},"9":{"start":{"line":24,"column":12},"end":{"line":24,"column":49}},"10":{"start":{"line":26,"column":8},"end":{"line":26,"column":41}}},"branchMap":{"1":{"line":16,"type":"if","locations":[{"start":{"line":16,"column":12},"end":{"line":16,"column":12}},{"start":{"line":16,"column":12},"end":{"line":16,"column":12}}]}}},"contracts/libs/Manageable.sol":{"l":{"13":0,"14":0,"17":0},"path":"/Users/Administrator/Projects/protocol-architecture/contracts/libs/Manageable.sol","s":{"1":0,"2":0,"3":0,"4":0},"b":{"1":[0,0]},"f":{"1":0},"fnMap":{"1":{"name":"setProvider","line":12,"loc":{"start":{"line":12,"column":4},"end":{"line":12,"column":101}}}},"statementMap":{"1":{"start":{"line":13,"column":8},"end":{"line":13,"column":46}},"2":{"start":{"line":14,"column":8},"end":{"line":14,"column":45}},"3":{"start":{"line":15,"column":13},"end":{"line":15,"column":52}},"4":{"start":{"line":17,"column":8},"end":{"line":17,"column":19}}},"branchMap":{"1":{"line":13,"type":"if","locations":[{"start":{"line":13,"column":8},"end":{"line":13,"column":8}},{"start":{"line":13,"column":8},"end":{"line":13,"column":8}}]}}},"contracts/libs/Math.sol":{"l":{"10":0,"14":0,"18":0,"22":0},"path":"/Users/Administrator/Projects/protocol-architecture/contracts/libs/Math.sol","s":{"1":0,"2":0,"3":0,"4":0},"b":{},"f":{"1":0,"2":0,"3":0,"4":0},"fnMap":{"1":{"name":"max64","line":9,"loc":{"start":{"line":9,"column":2},"end":{"line":9,"column":67}}},"2":{"name":"min64","line":13,"loc":{"start":{"line":13,"column":2},"end":{"line":13,"column":67}}},"3":{"name":"max256","line":17,"loc":{"start":{"line":17,"column":2},"end":{"line":17,"column":71}}},"4":{"name":"min256","line":21,"loc":{"start":{"line":21,"column":2},"end":{"line":21,"column":71}}}},"statementMap":{"1":{"start":{"line":10,"column":4},"end":{"line":10,"column":25}},"2":{"start":{"line":14,"column":4},"end":{"line":14,"column":24}},"3":{"start":{"line":18,"column":4},"end":{"line":18,"column":25}},"4":{"start":{"line":22,"column":4},"end":{"line":22,"column":24}}},"branchMap":{}},"contracts/libs/Ownable.sol":{"l":{"21":2,"28":0,"29":0,"37":0,"39":0},"path":"/Users/Administrator/Projects/protocol-architecture/contracts/libs/Ownable.sol","s":{"1":2,"2":0,"3":0,"4":0,"5":0},"b":{"1":[0,0],"2":[0,0]},"f":{"1":2,"2":0,"3":0},"fnMap":{"1":{"name":"Ownable","line":20,"loc":{"start":{"line":20,"column":4},"end":{"line":20,"column":27}}},"2":{"name":"onlyOwner","line":27,"loc":{"start":{"line":27,"column":4},"end":{"line":27,"column":22}}},"3":{"name":"transferOwnership","line":36,"loc":{"start":{"line":36,"column":4},"end":{"line":36,"column":63}}}},"statementMap":{"1":{"start":{"line":21,"column":8},"end":{"line":21,"column":25}},"2":{"start":{"line":28,"column":8},"end":{"line":28,"column":35}},"3":{"start":{"line":37,"column":8},"end":{"line":37,"column":38}},"4":{"start":{"line":38,"column":13},"end":{"line":38,"column":49}},"5":{"start":{"line":39,"column":8},"end":{"line":39,"column":23}}},"branchMap":{"1":{"line":28,"type":"if","locations":[{"start":{"line":28,"column":8},"end":{"line":28,"column":8}},{"start":{"line":28,"column":8},"end":{"line":28,"column":8}}]},"2":{"line":37,"type":"if","locations":[{"start":{"line":37,"column":8},"end":{"line":37,"column":8}},{"start":{"line":37,"column":8},"end":{"line":37,"column":8}}]}}},"contracts/libs/Provider.sol":{"l":{},"path":"/Users/Administrator/Projects/protocol-architecture/contracts/libs/Provider.sol","s":{},"b":{},"f":{},"fnMap":{},"statementMap":{},"branchMap":{}},"contracts/libs/SafeMath.sol":{"l":{"14":0,"15":0,"17":0,"18":0,"19":0,"27":0,"29":0,"36":0,"37":0,"44":0,"45":0,"46":0},"path":"/Users/Administrator/Projects/protocol-architecture/contracts/libs/SafeMath.sol","s":{"1":0,"2":0,"3":0,"4":0,"5":0,"6":0,"7":0,"8":0,"9":0,"10":0,"11":0,"12":0},"b":{"1":[0,0],"2":[0,0],"3":[0,0],"4":[0,0]},"f":{"1":0,"2":0,"3":0,"4":0},"fnMap":{"1":{"name":"mul","line":13,"loc":{"start":{"line":13,"column":2},"end":{"line":13,"column":68}}},"2":{"name":"div","line":25,"loc":{"start":{"line":25,"column":2},"end":{"line":25,"column":68}}},"3":{"name":"sub","line":35,"loc":{"start":{"line":35,"column":2},"end":{"line":35,"column":68}}},"4":{"name":"add","line":43,"loc":{"start":{"line":43,"column":2},"end":{"line":43,"column":68}}}},"statementMap":{"1":{"start":{"line":14,"column":4},"end":{"line":14,"column":281}},"2":{"start":{"line":15,"column":6},"end":{"line":15,"column":14}},"3":{"start":{"line":17,"column":4},"end":{"line":17,"column":20}},"4":{"start":{"line":18,"column":4},"end":{"line":18,"column":21}},"5":{"start":{"line":19,"column":4},"end":{"line":19,"column":12}},"6":{"start":{"line":27,"column":4},"end":{"line":27,"column":20}},"7":{"start":{"line":29,"column":4},"end":{"line":29,"column":12}},"8":{"start":{"line":36,"column":4},"end":{"line":36,"column":17}},"9":{"start":{"line":37,"column":4},"end":{"line":37,"column":16}},"10":{"start":{"line":44,"column":4},"end":{"line":44,"column":20}},"11":{"start":{"line":45,"column":4},"end":{"line":45,"column":17}},"12":{"start":{"line":46,"column":4},"end":{"line":46,"column":12}}},"branchMap":{"1":{"line":14,"type":"if","locations":[{"start":{"line":14,"column":4},"end":{"line":14,"column":4}},{"start":{"line":14,"column":4},"end":{"line":14,"column":4}}]},"2":{"line":18,"type":"if","locations":[{"start":{"line":18,"column":4},"end":{"line":18,"column":4}},{"start":{"line":18,"column":4},"end":{"line":18,"column":4}}]},"3":{"line":36,"type":"if","locations":[{"start":{"line":36,"column":4},"end":{"line":36,"column":4}},{"start":{"line":36,"column":4},"end":{"line":36,"column":4}}]},"4":{"line":45,"type":"if","locations":[{"start":{"line":45,"column":4},"end":{"line":45,"column":4}},{"start":{"line":45,"column":4},"end":{"line":45,"column":4}}]}}},"contracts/libs/SimpleERC20Token.sol":{"l":{"20":10,"25":0,"30":0,"31":0,"33":0,"43":0,"44":0,"45":0,"47":0,"53":0,"55":0,"59":0},"path":"/Users/Administrator/Projects/protocol-architecture/contracts/libs/SimpleERC20Token.sol","s":{"1":10,"2":0,"3":0,"4":0,"5":0,"6":0,"7":0,"8":0,"9":0,"10":0,"11":0,"12":0,"13":0,"14":0,"15":0},"b":{},"f":{"1":10,"2":0,"3":0,"4":0,"5":0,"6":0},"fnMap":{"1":{"name":"SimpleERC20Token","line":19,"loc":{"start":{"line":19,"column":4},"end":{"line":19,"column":36}}},"2":{"name":"balanceOf","line":24,"loc":{"start":{"line":24,"column":4},"end":{"line":24,"column":79}}},"3":{"name":"transfer","line":29,"loc":{"start":{"line":29,"column":4},"end":{"line":29,"column":74}}},"4":{"name":"transferFrom","line":42,"loc":{"start":{"line":42,"column":4},"end":{"line":42,"column":92}}},"5":{"name":"approve","line":52,"loc":{"start":{"line":52,"column":4},"end":{"line":52,"column":78}}},"6":{"name":"allowance","line":58,"loc":{"start":{"line":58,"column":4},"end":{"line":58,"column":98}}}},"statementMap":{"1":{"start":{"line":20,"column":8},"end":{"line":20,"column":40}},"2":{"start":{"line":25,"column":8},"end":{"line":25,"column":35}},"3":{"start":{"line":30,"column":8},"end":{"line":30,"column":59}},"4":{"start":{"line":31,"column":8},"end":{"line":31,"column":43}},"5":{"start":{"line":32,"column":13},"end":{"line":32,"column":44}},"6":{"start":{"line":33,"column":8},"end":{"line":33,"column":19}},"7":{"start":{"line":43,"column":8},"end":{"line":43,"column":47}},"8":{"start":{"line":44,"column":8},"end":{"line":44,"column":69}},"9":{"start":{"line":45,"column":8},"end":{"line":45,"column":43}},"10":{"start":{"line":46,"column":13},"end":{"line":46,"column":38}},"11":{"start":{"line":47,"column":8},"end":{"line":47,"column":19}},"12":{"start":{"line":53,"column":8},"end":{"line":53,"column":44}},"13":{"start":{"line":54,"column":13},"end":{"line":54,"column":49}},"14":{"start":{"line":55,"column":8},"end":{"line":55,"column":19}},"15":{"start":{"line":59,"column":8},"end":{"line":59,"column":43}}},"branchMap":{}},"contracts/libs/utils.sol":{"l":{"9":0,"10":0,"11":0,"13":0,"14":0,"19":0,"20":0,"21":0,"23":0,"24":0},"path":"/Users/Administrator/Projects/protocol-architecture/contracts/libs/utils.sol","s":{"1":0,"2":0,"3":0,"4":0,"5":0,"6":0,"7":0,"8":0,"9":0,"10":0},"b":{"1":[0,0],"2":[0,0],"3":[0,0],"4":[0,0],"5":[0,0],"6":[0,0]},"f":{"1":0,"2":0},"fnMap":{"1":{"name":"calcDstQty","line":8,"loc":{"start":{"line":8,"column":4},"end":{"line":8,"column":109}}},"2":{"name":"calcSrcQty","line":18,"loc":{"start":{"line":18,"column":4},"end":{"line":18,"column":109}}}},"statementMap":{"1":{"start":{"line":9,"column":8},"end":{"line":9,"column":255}},"2":{"start":{"line":10,"column":12},"end":{"line":10,"column":61}},"3":{"start":{"line":11,"column":12},"end":{"line":11,"column":80}},"4":{"start":{"line":13,"column":12},"end":{"line":13,"column":61}},"5":{"start":{"line":14,"column":12},"end":{"line":14,"column":82}},"6":{"start":{"line":19,"column":8},"end":{"line":19,"column":740}},"7":{"start":{"line":20,"column":12},"end":{"line":20,"column":61}},"8":{"start":{"line":21,"column":12},"end":{"line":21,"column":82}},"9":{"start":{"line":23,"column":12},"end":{"line":23,"column":61}},"10":{"start":{"line":24,"column":12},"end":{"line":24,"column":84}}},"branchMap":{"1":{"line":9,"type":"if","locations":[{"start":{"line":9,"column":8},"end":{"line":9,"column":8}},{"start":{"line":9,"column":8},"end":{"line":9,"column":8}}]},"2":{"line":10,"type":"if","locations":[{"start":{"line":10,"column":12},"end":{"line":10,"column":12}},{"start":{"line":10,"column":12},"end":{"line":10,"column":12}}]},"3":{"line":13,"type":"if","locations":[{"start":{"line":13,"column":12},"end":{"line":13,"column":12}},{"start":{"line":13,"column":12},"end":{"line":13,"column":12}}]},"4":{"line":19,"type":"if","locations":[{"start":{"line":19,"column":8},"end":{"line":19,"column":8}},{"start":{"line":19,"column":8},"end":{"line":19,"column":8}}]},"5":{"line":20,"type":"if","locations":[{"start":{"line":20,"column":12},"end":{"line":20,"column":12}},{"start":{"line":20,"column":12},"end":{"line":20,"column":12}}]},"6":{"line":23,"type":"if","locations":[{"start":{"line":23,"column":12},"end":{"line":23,"column":12}},{"start":{"line":23,"column":12},"end":{"line":23,"column":12}}]}}},"contracts/OlympusLabsCore.sol":{"l":{"35":0,"36":0,"40":0,"46":0,"59":0,"61":0,"63":0,"64":0,"65":0,"66":0,"67":0,"69":0,"77":0,"79":0,"80":0,"82":0,"87":0,"88":0,"92":0,"93":0,"95":0,"96":0,"98":0,"99":0,"101":0,"105":0,"106":0,"108":0,"110":0,"113":0,"116":0,"119":0,"122":0,"127":0,"128":0,"129":0,"131":0,"132":0,"133":0,"136":0,"138":0,"139":0,"140":0,"141":0,"143":0,"146":0,"154":0,"160":0,"161":0,"163":0,"164":0,"165":0,"166":0,"169":0,"170":0,"171":0,"173":0,"174":0,"177":0,"179":0,"183":0,"185":0,"188":0,"189":0,"191":0,"200":0,"204":0,"207":0,"211":0,"223":0,"224":0,"225":0,"226":0,"229":0,"230":0,"231":0,"233":0,"234":0,"236":0,"249":0,"250":0,"251":0,"253":0,"255":0,"256":0,"259":0,"260":0,"262":0,"264":0,"271":0,"273":0,"279":0,"283":0,"284":0,"288":0,"289":0,"290":0,"291":0,"293":0,"297":0},"path":"/Users/Administrator/Projects/protocol-architecture/contracts/OlympusLabsCore.sol","s":{"1":0,"2":0,"3":0,"4":0,"5":0,"6":0,"7":0,"8":0,"9":0,"10":0,"11":0,"12":0,"13":0,"14":0,"15":0,"16":0,"17":0,"18":0,"19":0,"20":0,"21":0,"22":0,"23":0,"24":0,"25":0,"26":0,"27":0,"28":0,"29":0,"30":0,"31":0,"32":0,"33":0,"34":0,"35":0,"36":0,"37":0,"38":0,"39":0,"40":0,"41":0,"42":0,"43":0,"44":0,"45":0,"46":0,"47":0,"48":0,"49":0,"50":0,"51":0,"52":0,"53":0,"54":0,"55":0,"56":0,"57":0,"58":0,"59":0,"60":0,"61":0,"62":0,"63":0,"64":0,"65":0,"66":0,"67":0,"68":0,"69":0,"70":0,"71":0,"72":0,"73":0,"74":0,"75":0,"76":0,"77":0,"78":0,"79":0,"80":0,"81":0,"82":0,"83":0,"84":0,"85":0,"86":0,"87":0,"88":0,"89":0,"90":0,"91":0,"92":0,"93":0,"94":0,"95":0,"96":0,"97":0,"98":0,"99":0},"b":{"1":[0,0],"2":[0,0],"3":[0,0],"4":[0,0],"5":[0,0],"6":[0,0],"7":[0,0],"8":[0,0],"9":[0,0],"10":[0,0],"11":[0,0],"12":[0,0],"13":[0,0],"14":[0,0],"15":[0,0],"16":[0,0],"17":[0,0],"18":[0,0],"19":[0,0],"20":[0,0],"21":[0,0],"22":[0,0],"23":[0,0],"24":[0,0]},"f":{"1":0,"2":0,"3":0,"4":0,"5":0,"6":0,"7":0,"8":0,"9":0,"10":0,"11":0,"12":0,"13":0,"14":0,"15":0,"16":0,"17":0},"fnMap":{"1":{"name":"allowProviderOnly","line":34,"loc":{"start":{"line":34,"column":4},"end":{"line":34,"column":51}}},"2":{"name":null,"line":39,"loc":{"start":{"line":39,"column":4},"end":{"line":39,"column":27}}},"3":{"name":"getStrategyCount","line":44,"loc":{"start":{"line":44,"column":4},"end":{"line":45,"column":5}}},"4":{"name":"getStrategy","line":49,"loc":{"start":{"line":49,"column":4},"end":{"line":57,"column":5}}},"5":{"name":"getStrategyTokenAndWeightByIndex","line":72,"loc":{"start":{"line":72,"column":4},"end":{"line":76,"column":5}}},"6":{"name":"getPrice","line":86,"loc":{"start":{"line":86,"column":4},"end":{"line":86,"column":73}}},"7":{"name":"getStragetyTokenPrice","line":91,"loc":{"start":{"line":91,"column":4},"end":{"line":91,"column":99}}},"8":{"name":"setProvider","line":104,"loc":{"start":{"line":104,"column":4},"end":{"line":104,"column":101}}},"9":{"name":"buyIndex","line":125,"loc":{"start":{"line":125,"column":4},"end":{"line":126,"column":5}}},"10":{"name":"initializeArray","line":210,"loc":{"start":{"line":210,"column":4},"end":{"line":210,"column":68}}},"11":{"name":"getIndexOrder","line":215,"loc":{"start":{"line":215,"column":4},"end":{"line":217,"column":5}}},"12":{"name":"updateIndexOrderToken","line":241,"loc":{"start":{"line":241,"column":4},"end":{"line":248,"column":5}}},"13":{"name":"updateOrderStatus","line":267,"loc":{"start":{"line":267,"column":4},"end":{"line":270,"column":5}}},"14":{"name":"getSubOrderStatus","line":276,"loc":{"start":{"line":276,"column":4},"end":{"line":278,"column":5}}},"15":{"name":"adjustFee","line":282,"loc":{"start":{"line":282,"column":4},"end":{"line":282,"column":84}}},"16":{"name":"adjustTradeRange","line":287,"loc":{"start":{"line":287,"column":4},"end":{"line":287,"column":99}}},"17":{"name":"getFeeAmount","line":296,"loc":{"start":{"line":296,"column":4},"end":{"line":296,"column":68}}}},"statementMap":{"1":{"start":{"line":35,"column":8},"end":{"line":35,"column":56}},"2":{"start":{"line":40,"column":8},"end":{"line":40,"column":15}},"3":{"start":{"line":46,"column":8},"end":{"line":46,"column":50}},"4":{"start":{"line":59,"column":8},"end":{"line":59,"column":31}},"5":{"start":{"line":63,"column":8},"end":{"line":63,"column":126}},"6":{"start":{"line":64,"column":8},"end":{"line":64,"column":53}},"7":{"start":{"line":65,"column":8},"end":{"line":65,"column":60}},"8":{"start":{"line":66,"column":8},"end":{"line":66,"column":57}},"9":{"start":{"line":67,"column":8},"end":{"line":67,"column":61}},"10":{"start":{"line":69,"column":8},"end":{"line":69,"column":71}},"11":{"start":{"line":77,"column":8},"end":{"line":77,"column":31}},"12":{"start":{"line":79,"column":8},"end":{"line":79,"column":76}},"13":{"start":{"line":80,"column":8},"end":{"line":80,"column":35}},"14":{"start":{"line":82,"column":8},"end":{"line":82,"column":84}},"15":{"start":{"line":87,"column":8},"end":{"line":87,"column":42}},"16":{"start":{"line":88,"column":8},"end":{"line":88,"column":61}},"17":{"start":{"line":92,"column":8},"end":{"line":92,"column":31}},"18":{"start":{"line":95,"column":8},"end":{"line":95,"column":51}},"19":{"start":{"line":96,"column":8},"end":{"line":96,"column":40}},"20":{"start":{"line":99,"column":8},"end":{"line":99,"column":74}},"21":{"start":{"line":101,"column":8},"end":{"line":101,"column":30}},"22":{"start":{"line":105,"column":8},"end":{"line":105,"column":63}},"23":{"start":{"line":106,"column":8},"end":{"line":106,"column":53}},"24":{"start":{"line":108,"column":8},"end":{"line":108,"column":3891}},"25":{"start":{"line":109,"column":17},"end":{"line":109,"column":39}},"26":{"start":{"line":110,"column":12},"end":{"line":110,"column":73}},"27":{"start":{"line":111,"column":15},"end":{"line":111,"column":4064}},"28":{"start":{"line":112,"column":17},"end":{"line":112,"column":39}},"29":{"start":{"line":113,"column":12},"end":{"line":113,"column":73}},"30":{"start":{"line":114,"column":15},"end":{"line":114,"column":4237}},"31":{"start":{"line":115,"column":17},"end":{"line":115,"column":36}},"32":{"start":{"line":116,"column":12},"end":{"line":116,"column":67}},"33":{"start":{"line":118,"column":17},"end":{"line":118,"column":53}},"34":{"start":{"line":119,"column":12},"end":{"line":119,"column":19}},"35":{"start":{"line":122,"column":8},"end":{"line":122,"column":21}},"36":{"start":{"line":127,"column":8},"end":{"line":127,"column":40}},"37":{"start":{"line":128,"column":8},"end":{"line":128,"column":4682}},"38":{"start":{"line":129,"column":12},"end":{"line":129,"column":45}},"39":{"start":{"line":132,"column":8},"end":{"line":132,"column":53}},"40":{"start":{"line":133,"column":8},"end":{"line":133,"column":76}},"41":{"start":{"line":136,"column":8},"end":{"line":136,"column":31}},"42":{"start":{"line":139,"column":8},"end":{"line":139,"column":29}},"43":{"start":{"line":140,"column":8},"end":{"line":140,"column":44}},"44":{"start":{"line":141,"column":8},"end":{"line":141,"column":43}},"45":{"start":{"line":143,"column":8},"end":{"line":143,"column":67}},"46":{"start":{"line":146,"column":8},"end":{"line":146,"column":5319}},"47":{"start":{"line":160,"column":8},"end":{"line":160,"column":59}},"48":{"start":{"line":161,"column":8},"end":{"line":161,"column":54}},"49":{"start":{"line":163,"column":8},"end":{"line":163,"column":53}},"50":{"start":{"line":164,"column":8},"end":{"line":164,"column":53}},"51":{"start":{"line":165,"column":8},"end":{"line":165,"column":53}},"52":{"start":{"line":166,"column":8},"end":{"line":166,"column":53}},"53":{"start":{"line":168,"column":13},"end":{"line":168,"column":35}},"54":{"start":{"line":169,"column":8},"end":{"line":169,"column":78}},"55":{"start":{"line":170,"column":8},"end":{"line":170,"column":6123}},"56":{"start":{"line":171,"column":12},"end":{"line":171,"column":83}},"57":{"start":{"line":173,"column":12},"end":{"line":173,"column":6321}},"58":{"start":{"line":177,"column":12},"end":{"line":177,"column":6458}},"59":{"start":{"line":178,"column":21},"end":{"line":178,"column":60}},"60":{"start":{"line":179,"column":16},"end":{"line":179,"column":23}},"61":{"start":{"line":183,"column":12},"end":{"line":183,"column":6687}},"62":{"start":{"line":184,"column":21},"end":{"line":184,"column":57}},"63":{"start":{"line":185,"column":16},"end":{"line":185,"column":23}},"64":{"start":{"line":188,"column":12},"end":{"line":188,"column":61}},"65":{"start":{"line":189,"column":12},"end":{"line":189,"column":51}},"66":{"start":{"line":197,"column":17},"end":{"line":197,"column":37}},"67":{"start":{"line":198,"column":17},"end":{"line":198,"column":45}},"68":{"start":{"line":199,"column":17},"end":{"line":199,"column":45}},"69":{"start":{"line":200,"column":12},"end":{"line":200,"column":126}},"70":{"start":{"line":203,"column":13},"end":{"line":203,"column":33}},"71":{"start":{"line":204,"column":8},"end":{"line":204,"column":80}},"72":{"start":{"line":207,"column":8},"end":{"line":207,"column":27}},"73":{"start":{"line":211,"column":8},"end":{"line":211,"column":33}},"74":{"start":{"line":223,"column":8},"end":{"line":223,"column":49}},"75":{"start":{"line":224,"column":8},"end":{"line":224,"column":48}},"76":{"start":{"line":225,"column":8},"end":{"line":225,"column":53}},"77":{"start":{"line":226,"column":8},"end":{"line":226,"column":65}},"78":{"start":{"line":229,"column":8},"end":{"line":229,"column":104}},"79":{"start":{"line":230,"column":8},"end":{"line":230,"column":115}},"80":{"start":{"line":231,"column":8},"end":{"line":231,"column":63}},"81":{"start":{"line":233,"column":8},"end":{"line":233,"column":8622}},"82":{"start":{"line":234,"column":12},"end":{"line":234,"column":64}},"83":{"start":{"line":236,"column":8},"end":{"line":236,"column":8751}},"84":{"start":{"line":251,"column":8},"end":{"line":251,"column":111}},"85":{"start":{"line":255,"column":8},"end":{"line":255,"column":9313}},"86":{"start":{"line":256,"column":12},"end":{"line":256,"column":82}},"87":{"start":{"line":259,"column":8},"end":{"line":259,"column":9493}},"88":{"start":{"line":260,"column":12},"end":{"line":260,"column":73}},"89":{"start":{"line":264,"column":8},"end":{"line":264,"column":19}},"90":{"start":{"line":273,"column":8},"end":{"line":273,"column":19}},"91":{"start":{"line":279,"column":8},"end":{"line":279,"column":81}},"92":{"start":{"line":283,"column":8},"end":{"line":283,"column":40}},"93":{"start":{"line":284,"column":8},"end":{"line":284,"column":19}},"94":{"start":{"line":288,"column":8},"end":{"line":288,"column":29}},"95":{"start":{"line":289,"column":8},"end":{"line":289,"column":37}},"96":{"start":{"line":290,"column":8},"end":{"line":290,"column":31}},"97":{"start":{"line":291,"column":8},"end":{"line":291,"column":31}},"98":{"start":{"line":293,"column":8},"end":{"line":293,"column":19}},"99":{"start":{"line":297,"column":8},"end":{"line":297,"column":56}}},"branchMap":{"1":{"line":35,"type":"if","locations":[{"start":{"line":35,"column":8},"end":{"line":35,"column":8}},{"start":{"line":35,"column":8},"end":{"line":35,"column":8}}]},"2":{"line":59,"type":"if","locations":[{"start":{"line":59,"column":8},"end":{"line":59,"column":8}},{"start":{"line":59,"column":8},"end":{"line":59,"column":8}}]},"3":{"line":77,"type":"if","locations":[{"start":{"line":77,"column":8},"end":{"line":77,"column":8}},{"start":{"line":77,"column":8},"end":{"line":77,"column":8}}]},"4":{"line":80,"type":"if","locations":[{"start":{"line":80,"column":8},"end":{"line":80,"column":8}},{"start":{"line":80,"column":8},"end":{"line":80,"column":8}}]},"5":{"line":87,"type":"if","locations":[{"start":{"line":87,"column":8},"end":{"line":87,"column":8}},{"start":{"line":87,"column":8},"end":{"line":87,"column":8}}]},"6":{"line":92,"type":"if","locations":[{"start":{"line":92,"column":8},"end":{"line":92,"column":8}},{"start":{"line":92,"column":8},"end":{"line":92,"column":8}}]},"7":{"line":96,"type":"if","locations":[{"start":{"line":96,"column":8},"end":{"line":96,"column":8}},{"start":{"line":96,"column":8},"end":{"line":96,"column":8}}]},"8":{"line":108,"type":"if","locations":[{"start":{"line":108,"column":8},"end":{"line":108,"column":8}},{"start":{"line":108,"column":8},"end":{"line":108,"column":8}}]},"9":{"line":111,"type":"if","locations":[{"start":{"line":111,"column":15},"end":{"line":111,"column":15}},{"start":{"line":111,"column":15},"end":{"line":111,"column":15}}]},"10":{"line":114,"type":"if","locations":[{"start":{"line":114,"column":15},"end":{"line":114,"column":15}},{"start":{"line":114,"column":15},"end":{"line":114,"column":15}}]},"11":{"line":127,"type":"if","locations":[{"start":{"line":127,"column":8},"end":{"line":127,"column":8}},{"start":{"line":127,"column":8},"end":{"line":127,"column":8}}]},"12":{"line":128,"type":"if","locations":[{"start":{"line":128,"column":8},"end":{"line":128,"column":8}},{"start":{"line":128,"column":8},"end":{"line":128,"column":8}}]},"13":{"line":129,"type":"if","locations":[{"start":{"line":129,"column":12},"end":{"line":129,"column":12}},{"start":{"line":129,"column":12},"end":{"line":129,"column":12}}]},"14":{"line":136,"type":"if","locations":[{"start":{"line":136,"column":8},"end":{"line":136,"column":8}},{"start":{"line":136,"column":8},"end":{"line":136,"column":8}}]},"15":{"line":169,"type":"if","locations":[{"start":{"line":169,"column":8},"end":{"line":169,"column":8}},{"start":{"line":169,"column":8},"end":{"line":169,"column":8}}]},"16":{"line":173,"type":"if","locations":[{"start":{"line":173,"column":12},"end":{"line":173,"column":12}},{"start":{"line":173,"column":12},"end":{"line":173,"column":12}}]},"17":{"line":177,"type":"if","locations":[{"start":{"line":177,"column":12},"end":{"line":177,"column":12}},{"start":{"line":177,"column":12},"end":{"line":177,"column":12}}]},"18":{"line":183,"type":"if","locations":[{"start":{"line":183,"column":12},"end":{"line":183,"column":12}},{"start":{"line":183,"column":12},"end":{"line":183,"column":12}}]},"19":{"line":200,"type":"if","locations":[{"start":{"line":200,"column":12},"end":{"line":200,"column":12}},{"start":{"line":200,"column":12},"end":{"line":200,"column":12}}]},"20":{"line":204,"type":"if","locations":[{"start":{"line":204,"column":8},"end":{"line":204,"column":8}},{"start":{"line":204,"column":8},"end":{"line":204,"column":8}}]},"21":{"line":255,"type":"if","locations":[{"start":{"line":255,"column":8},"end":{"line":255,"column":8}},{"start":{"line":255,"column":8},"end":{"line":255,"column":8}}]},"22":{"line":259,"type":"if","locations":[{"start":{"line":259,"column":8},"end":{"line":259,"column":8}},{"start":{"line":259,"column":8},"end":{"line":259,"column":8}}]},"23":{"line":288,"type":"if","locations":[{"start":{"line":288,"column":8},"end":{"line":288,"column":8}},{"start":{"line":288,"column":8},"end":{"line":288,"column":8}}]},"24":{"line":289,"type":"if","locations":[{"start":{"line":289,"column":8},"end":{"line":289,"column":8}},{"start":{"line":289,"column":8},"end":{"line":289,"column":8}}]}}},"contracts/price/PriceProvider.sol":{"l":{"19":8,"20":8,"21":8,"22":4,"24":4,"25":4,"26":4,"31":0,"32":0,"33":0,"35":0,"37":0,"38":0,"39":0,"40":0,"41":0,"46":0,"47":0,"49":0,"50":0,"54":0,"58":0,"62":0,"67":0,"72":0,"76":0,"86":0,"87":0,"89":0,"90":0,"91":0,"101":0,"108":0,"109":0,"116":0,"117":0,"118":0,"134":1,"141":4,"142":4,"150":0,"152":0,"246":0,"250":4,"251":4,"252":4,"253":4,"255":4,"256":8,"257":8,"258":8,"262":4,"264":4,"267":4,"272":0,"273":0,"275":0,"277":0,"278":0,"281":0,"285":0,"291":0,"293":0,"295":0,"296":0,"300":0,"304":0,"311":1,"314":1,"320":1,"323":1,"328":1,"329":0,"332":1,"333":2,"336":1,"341":1,"345":1,"346":0,"349":1,"350":2,"353":1,"358":1,"362":2,"363":0,"365":0,"368":2,"369":4,"372":2,"378":2,"383":0,"384":0,"390":0,"395":4,"400":0,"402":0,"409":0,"413":0,"417":3,"421":3,"424":6},"path":"/Users/Administrator/Projects/protocol-architecture/contracts/price/PriceProvider.sol","s":{"1":8,"2":8,"3":8,"4":4,"5":4,"6":4,"7":4,"8":0,"9":0,"10":0,"11":0,"12":0,"13":0,"14":0,"15":0,"16":0,"17":0,"18":0,"19":0,"20":0,"21":0,"22":0,"23":0,"24":0,"25":0,"26":0,"27":0,"28":0,"29":0,"30":0,"31":0,"32":0,"33":0,"34":0,"35":1,"36":4,"37":0,"38":0,"39":0,"40":0,"41":4,"42":4,"43":4,"44":4,"45":4,"46":8,"47":8,"48":8,"49":4,"50":4,"51":4,"52":0,"53":0,"54":0,"55":0,"56":0,"57":0,"58":0,"59":0,"60":0,"61":0,"62":0,"63":0,"64":0,"65":0,"66":0,"67":1,"68":1,"69":1,"70":1,"71":1,"72":1,"73":1,"74":0,"75":1,"76":2,"77":1,"78":1,"79":1,"80":1,"81":0,"82":1,"83":2,"84":1,"85":1,"86":1,"87":2,"88":0,"89":0,"90":2,"91":4,"92":2,"93":2,"94":2,"95":0,"96":0,"97":0,"98":4,"99":0,"100":0,"101":0,"102":0,"103":0,"104":3,"105":3,"106":6},"b":{"1":[4,4],"2":[0,0],"3":[0,0],"4":[0,0],"5":[0,0],"6":[0,0],"7":[0,0],"8":[4,0],"9":[0,0],"10":[4,0],"11":[4,0],"12":[4,0],"13":[4,0],"14":[8,0]},"f":{"1":8,"2":0,"3":0,"4":0,"5":0,"6":0,"7":0,"8":0,"9":0,"10":0,"11":0,"12":0,"13":0,"14":1,"15":4,"16":0,"17":0,"18":4,"19":0,"20":0,"21":1,"22":1,"23":1,"24":1,"25":2,"26":0,"27":0,"28":4,"29":0,"30":0,"31":3,"32":3,"33":6},"fnMap":{"1":{"name":"insert","line":18,"loc":{"start":{"line":18,"column":4},"end":{"line":18,"column":106}}},"2":{"name":"remove","line":30,"loc":{"start":{"line":30,"column":4},"end":{"line":30,"column":93}}},"3":{"name":"destroy","line":45,"loc":{"start":{"line":45,"column":4},"end":{"line":45,"column":59}}},"4":{"name":"contains","line":53,"loc":{"start":{"line":53,"column":4},"end":{"line":53,"column":103}}},"5":{"name":"size","line":57,"loc":{"start":{"line":57,"column":4},"end":{"line":57,"column":79}}},"6":{"name":"get","line":61,"loc":{"start":{"line":61,"column":4},"end":{"line":61,"column":91}}},"7":{"name":"getKey","line":65,"loc":{"start":{"line":65,"column":4},"end":{"line":65,"column":94}}},"8":{"name":"getKeyByIndex","line":70,"loc":{"start":{"line":70,"column":4},"end":{"line":70,"column":101}}},"9":{"name":"getValueByIndex","line":75,"loc":{"start":{"line":75,"column":4},"end":{"line":75,"column":100}}},"10":{"name":"mul","line":85,"loc":{"start":{"line":85,"column":4},"end":{"line":85,"column":68}}},"11":{"name":"div","line":97,"loc":{"start":{"line":97,"column":4},"end":{"line":97,"column":68}}},"12":{"name":"sub","line":107,"loc":{"start":{"line":107,"column":4},"end":{"line":107,"column":68}}},"13":{"name":"add","line":115,"loc":{"start":{"line":115,"column":4},"end":{"line":115,"column":68}}},"14":{"name":"Ownable","line":133,"loc":{"start":{"line":133,"column":4},"end":{"line":133,"column":27}}},"15":{"name":"onlyOwner","line":140,"loc":{"start":{"line":140,"column":4},"end":{"line":140,"column":22}}},"16":{"name":"transferOwnership","line":149,"loc":{"start":{"line":149,"column":4},"end":{"line":149,"column":63}}},"17":{"name":null,"line":245,"loc":{"start":{"line":245,"column":4},"end":{"line":245,"column":28}}},"18":{"name":"updatePrice","line":249,"loc":{"start":{"line":249,"column":4},"end":{"line":249,"column":121}}},"19":{"name":"getDefaultPrice","line":270,"loc":{"start":{"line":270,"column":4},"end":{"line":270,"column":69}}},"20":{"name":"getCustomPrice","line":289,"loc":{"start":{"line":289,"column":4},"end":{"line":289,"column":86}}},"21":{"name":"getNewDefaultPrice","line":309,"loc":{"start":{"line":309,"column":4},"end":{"line":309,"column":77}}},"22":{"name":"getNewCustomPrice","line":318,"loc":{"start":{"line":318,"column":4},"end":{"line":318,"column":94}}},"23":{"name":"changeExchanges","line":327,"loc":{"start":{"line":327,"column":4},"end":{"line":327,"column":90}}},"24":{"name":"changeTokens","line":344,"loc":{"start":{"line":344,"column":4},"end":{"line":344,"column":84}}},"25":{"name":"changeProviders","line":360,"loc":{"start":{"line":360,"column":4},"end":{"line":360,"column":112}}},"26":{"name":"changeDefaultProviders","line":382,"loc":{"start":{"line":382,"column":4},"end":{"line":382,"column":116}}},"27":{"name":"PriceWeight","line":388,"loc":{"start":{"line":388,"column":4},"end":{"line":388,"column":67}}},"28":{"name":"NewPriceWeight","line":393,"loc":{"start":{"line":393,"column":4},"end":{"line":393,"column":139}}},"29":{"name":"changeWeight","line":398,"loc":{"start":{"line":398,"column":4},"end":{"line":398,"column":103}}},"30":{"name":"GetNonce","line":412,"loc":{"start":{"line":412,"column":4},"end":{"line":412,"column":90}}},"31":{"name":"checkTokenSupported","line":416,"loc":{"start":{"line":416,"column":4},"end":{"line":416,"column":85}}},"32":{"name":"checkExchangeSupported","line":420,"loc":{"start":{"line":420,"column":4},"end":{"line":420,"column":85}}},"33":{"name":"checkProviderSupported","line":423,"loc":{"start":{"line":423,"column":4},"end":{"line":423,"column":112}}}},"statementMap":{"1":{"start":{"line":19,"column":8},"end":{"line":19,"column":50}},"2":{"start":{"line":20,"column":8},"end":{"line":20,"column":22}},"3":{"start":{"line":21,"column":8},"end":{"line":21,"column":526}},"4":{"start":{"line":22,"column":12},"end":{"line":22,"column":23}},"5":{"start":{"line":24,"column":12},"end":{"line":24,"column":42}},"6":{"start":{"line":25,"column":12},"end":{"line":25,"column":42}},"7":{"start":{"line":26,"column":12},"end":{"line":26,"column":24}},"8":{"start":{"line":31,"column":8},"end":{"line":31,"column":50}},"9":{"start":{"line":32,"column":8},"end":{"line":32,"column":898}},"10":{"start":{"line":33,"column":12},"end":{"line":33,"column":24}},"11":{"start":{"line":35,"column":8},"end":{"line":35,"column":938}},"12":{"start":{"line":37,"column":12},"end":{"line":37,"column":75}},"13":{"start":{"line":38,"column":12},"end":{"line":38,"column":70}},"14":{"start":{"line":39,"column":12},"end":{"line":39,"column":32}},"15":{"start":{"line":41,"column":12},"end":{"line":41,"column":23}},"16":{"start":{"line":46,"column":8},"end":{"line":46,"column":1378}},"17":{"start":{"line":50,"column":8},"end":{"line":50,"column":15}},"18":{"start":{"line":54,"column":8},"end":{"line":54,"column":42}},"19":{"start":{"line":58,"column":8},"end":{"line":58,"column":31}},"20":{"start":{"line":62,"column":8},"end":{"line":62,"column":35}},"21":{"start":{"line":67,"column":8},"end":{"line":67,"column":29}},"22":{"start":{"line":72,"column":8},"end":{"line":72,"column":29}},"23":{"start":{"line":76,"column":8},"end":{"line":76,"column":46}},"24":{"start":{"line":86,"column":8},"end":{"line":86,"column":2719}},"25":{"start":{"line":87,"column":12},"end":{"line":87,"column":20}},"26":{"start":{"line":89,"column":8},"end":{"line":89,"column":24}},"27":{"start":{"line":90,"column":8},"end":{"line":90,"column":25}},"28":{"start":{"line":91,"column":8},"end":{"line":91,"column":16}},"29":{"start":{"line":101,"column":8},"end":{"line":101,"column":20}},"30":{"start":{"line":108,"column":8},"end":{"line":108,"column":21}},"31":{"start":{"line":109,"column":8},"end":{"line":109,"column":20}},"32":{"start":{"line":116,"column":8},"end":{"line":116,"column":24}},"33":{"start":{"line":117,"column":8},"end":{"line":117,"column":21}},"34":{"start":{"line":118,"column":8},"end":{"line":118,"column":16}},"35":{"start":{"line":134,"column":8},"end":{"line":134,"column":25}},"36":{"start":{"line":141,"column":8},"end":{"line":141,"column":35}},"37":{"start":{"line":150,"column":8},"end":{"line":150,"column":38}},"38":{"start":{"line":151,"column":13},"end":{"line":151,"column":49}},"39":{"start":{"line":152,"column":8},"end":{"line":152,"column":23}},"40":{"start":{"line":246,"column":8},"end":{"line":246,"column":15}},"41":{"start":{"line":250,"column":8},"end":{"line":250,"column":55}},"42":{"start":{"line":251,"column":8},"end":{"line":251,"column":40}},"43":{"start":{"line":252,"column":8},"end":{"line":252,"column":58}},"44":{"start":{"line":253,"column":8},"end":{"line":253,"column":87}},"45":{"start":{"line":255,"column":8},"end":{"line":255,"column":7460}},"46":{"start":{"line":256,"column":12},"end":{"line":256,"column":47}},"47":{"start":{"line":257,"column":12},"end":{"line":257,"column":76}},"48":{"start":{"line":259,"column":17},"end":{"line":259,"column":67}},"49":{"start":{"line":262,"column":8},"end":{"line":262,"column":101}},"50":{"start":{"line":264,"column":8},"end":{"line":264,"column":52}},"51":{"start":{"line":267,"column":8},"end":{"line":267,"column":19}},"52":{"start":{"line":272,"column":8},"end":{"line":272,"column":37}},"53":{"start":{"line":273,"column":8},"end":{"line":273,"column":51}},"54":{"start":{"line":275,"column":8},"end":{"line":275,"column":8184}},"55":{"start":{"line":277,"column":12},"end":{"line":277,"column":92}},"56":{"start":{"line":278,"column":12},"end":{"line":278,"column":48}},"57":{"start":{"line":281,"column":8},"end":{"line":281,"column":43}},"58":{"start":{"line":283,"column":13},"end":{"line":283,"column":71}},"59":{"start":{"line":285,"column":8},"end":{"line":285,"column":21}},"60":{"start":{"line":291,"column":8},"end":{"line":291,"column":61}},"61":{"start":{"line":293,"column":8},"end":{"line":293,"column":8788}},"62":{"start":{"line":295,"column":12},"end":{"line":295,"column":75}},"63":{"start":{"line":296,"column":12},"end":{"line":296,"column":48}},"64":{"start":{"line":300,"column":8},"end":{"line":300,"column":43}},"65":{"start":{"line":302,"column":13},"end":{"line":302,"column":53}},"66":{"start":{"line":304,"column":8},"end":{"line":304,"column":21}},"67":{"start":{"line":311,"column":8},"end":{"line":311,"column":77}},"68":{"start":{"line":313,"column":13},"end":{"line":313,"column":79}},"69":{"start":{"line":314,"column":8},"end":{"line":314,"column":28}},"70":{"start":{"line":320,"column":8},"end":{"line":320,"column":58}},"71":{"start":{"line":322,"column":13},"end":{"line":322,"column":60}},"72":{"start":{"line":323,"column":8},"end":{"line":323,"column":27}},"73":{"start":{"line":328,"column":8},"end":{"line":328,"column":9922}},"74":{"start":{"line":329,"column":12},"end":{"line":329,"column":45}},"75":{"start":{"line":332,"column":8},"end":{"line":332,"column":10043}},"76":{"start":{"line":333,"column":12},"end":{"line":333,"column":48}},"77":{"start":{"line":335,"column":13},"end":{"line":335,"column":51}},"78":{"start":{"line":336,"column":8},"end":{"line":336,"column":32}},"79":{"start":{"line":341,"column":8},"end":{"line":341,"column":19}},"80":{"start":{"line":345,"column":8},"end":{"line":345,"column":10430}},"81":{"start":{"line":346,"column":12},"end":{"line":346,"column":39}},"82":{"start":{"line":349,"column":8},"end":{"line":349,"column":10542}},"83":{"start":{"line":350,"column":12},"end":{"line":350,"column":42}},"84":{"start":{"line":352,"column":13},"end":{"line":352,"column":42}},"85":{"start":{"line":353,"column":8},"end":{"line":353,"column":26}},"86":{"start":{"line":358,"column":8},"end":{"line":358,"column":19}},"87":{"start":{"line":362,"column":8},"end":{"line":362,"column":10929}},"88":{"start":{"line":363,"column":12},"end":{"line":363,"column":75}},"89":{"start":{"line":365,"column":12},"end":{"line":365,"column":64}},"90":{"start":{"line":368,"column":8},"end":{"line":368,"column":11185}},"91":{"start":{"line":369,"column":12},"end":{"line":369,"column":63}},"92":{"start":{"line":371,"column":13},"end":{"line":371,"column":80}},"93":{"start":{"line":372,"column":8},"end":{"line":372,"column":47}},"94":{"start":{"line":378,"column":8},"end":{"line":378,"column":19}},"95":{"start":{"line":383,"column":8},"end":{"line":383,"column":49}},"96":{"start":{"line":384,"column":8},"end":{"line":384,"column":19}},"97":{"start":{"line":390,"column":8},"end":{"line":390,"column":25}},"98":{"start":{"line":395,"column":8},"end":{"line":395,"column":25}},"99":{"start":{"line":400,"column":8},"end":{"line":400,"column":12225}},"100":{"start":{"line":402,"column":12},"end":{"line":402,"column":49}},"101":{"start":{"line":404,"column":17},"end":{"line":404,"column":58}},"102":{"start":{"line":409,"column":8},"end":{"line":409,"column":19}},"103":{"start":{"line":413,"column":8},"end":{"line":413,"column":51}},"104":{"start":{"line":417,"column":8},"end":{"line":417,"column":38}},"105":{"start":{"line":421,"column":8},"end":{"line":421,"column":38}},"106":{"start":{"line":424,"column":8},"end":{"line":424,"column":58}}},"branchMap":{"1":{"line":21,"type":"if","locations":[{"start":{"line":21,"column":8},"end":{"line":21,"column":8}},{"start":{"line":21,"column":8},"end":{"line":21,"column":8}}]},"2":{"line":32,"type":"if","locations":[{"start":{"line":32,"column":8},"end":{"line":32,"column":8}},{"start":{"line":32,"column":8},"end":{"line":32,"column":8}}]},"3":{"line":35,"type":"if","locations":[{"start":{"line":35,"column":8},"end":{"line":35,"column":8}},{"start":{"line":35,"column":8},"end":{"line":35,"column":8}}]},"4":{"line":86,"type":"if","locations":[{"start":{"line":86,"column":8},"end":{"line":86,"column":8}},{"start":{"line":86,"column":8},"end":{"line":86,"column":8}}]},"5":{"line":90,"type":"if","locations":[{"start":{"line":90,"column":8},"end":{"line":90,"column":8}},{"start":{"line":90,"column":8},"end":{"line":90,"column":8}}]},"6":{"line":108,"type":"if","locations":[{"start":{"line":108,"column":8},"end":{"line":108,"column":8}},{"start":{"line":108,"column":8},"end":{"line":108,"column":8}}]},"7":{"line":117,"type":"if","locations":[{"start":{"line":117,"column":8},"end":{"line":117,"column":8}},{"start":{"line":117,"column":8},"end":{"line":117,"column":8}}]},"8":{"line":141,"type":"if","locations":[{"start":{"line":141,"column":8},"end":{"line":141,"column":8}},{"start":{"line":141,"column":8},"end":{"line":141,"column":8}}]},"9":{"line":150,"type":"if","locations":[{"start":{"line":150,"column":8},"end":{"line":150,"column":8}},{"start":{"line":150,"column":8},"end":{"line":150,"column":8}}]},"10":{"line":250,"type":"if","locations":[{"start":{"line":250,"column":8},"end":{"line":250,"column":8}},{"start":{"line":250,"column":8},"end":{"line":250,"column":8}}]},"11":{"line":251,"type":"if","locations":[{"start":{"line":251,"column":8},"end":{"line":251,"column":8}},{"start":{"line":251,"column":8},"end":{"line":251,"column":8}}]},"12":{"line":252,"type":"if","locations":[{"start":{"line":252,"column":8},"end":{"line":252,"column":8}},{"start":{"line":252,"column":8},"end":{"line":252,"column":8}}]},"13":{"line":253,"type":"if","locations":[{"start":{"line":253,"column":8},"end":{"line":253,"column":8}},{"start":{"line":253,"column":8},"end":{"line":253,"column":8}}]},"14":{"line":256,"type":"if","locations":[{"start":{"line":256,"column":12},"end":{"line":256,"column":12}},{"start":{"line":256,"column":12},"end":{"line":256,"column":12}}]}}},"contracts/price/PriceProviderInterface.sol":{"l":{},"path":"/Users/Administrator/Projects/protocol-architecture/contracts/price/PriceProviderInterface.sol","s":{},"b":{},"f":{},"fnMap":{},"statementMap":{},"branchMap":{}},"contracts/storage/OlympusStorage.sol":{"l":{"55":0,"56":0,"57":0,"58":0,"59":0,"60":0,"61":0,"62":0,"72":0,"74":0,"92":0,"93":0,"102":0,"103":0,"116":0,"117":0,"126":0,"127":0,"131":0,"133":0,"134":0,"135":0,"136":0,"137":0,"141":0,"143":0,"146":0,"156":0,"158":0,"159":0,"160":0,"161":0,"163":0,"170":0,"171":0,"172":0,"174":0,"178":0,"182":0,"183":0},"path":"/Users/Administrator/Projects/protocol-architecture/contracts/storage/OlympusStorage.sol","s":{"1":0,"2":0,"3":0,"4":0,"5":0,"6":0,"7":0,"8":0,"9":0,"10":0,"11":0,"12":0,"13":0,"14":0,"15":0,"16":0,"17":0,"18":0,"19":0,"20":0,"21":0,"22":0,"23":0,"24":0,"25":0,"26":0,"27":0,"28":0,"29":0,"30":0,"31":0,"32":0},"b":{"1":[0,0],"2":[0,0]},"f":{"1":0,"2":0,"3":0,"4":0,"5":0,"6":0,"7":0,"8":0,"9":0,"10":0},"fnMap":{"1":{"name":"addTokenDetails","line":46,"loc":{"start":{"line":46,"column":4},"end":{"line":54,"column":16}}},"2":{"name":"addOrderBasicFields","line":65,"loc":{"start":{"line":65,"column":4},"end":{"line":71,"column":48}}},"3":{"name":"getIndexOrder1","line":96,"loc":{"start":{"line":96,"column":4},"end":{"line":101,"column":11}}},"4":{"name":"getIndexOrder2","line":110,"loc":{"start":{"line":110,"column":4},"end":{"line":115,"column":11}}},"5":{"name":"getIndexToken","line":125,"loc":{"start":{"line":125,"column":4},"end":{"line":125,"column":96}}},"6":{"name":"getOrderTokenCompletedAmount","line":130,"loc":{"start":{"line":130,"column":4},"end":{"line":130,"column":111}}},"7":{"name":"updateIndexOrderToken","line":149,"loc":{"start":{"line":149,"column":4},"end":{"line":155,"column":70}}},"8":{"name":"updateOrderStatus","line":167,"loc":{"start":{"line":167,"column":4},"end":{"line":168,"column":40}}},"9":{"name":"getOrderId","line":177,"loc":{"start":{"line":177,"column":4},"end":{"line":177,"column":46}}},"10":{"name":"resetOrderIdTo","line":181,"loc":{"start":{"line":181,"column":4},"end":{"line":181,"column":70}}}},"statementMap":{"1":{"start":{"line":62,"column":8},"end":{"line":62,"column":54}},"2":{"start":{"line":72,"column":8},"end":{"line":72,"column":34}},"3":{"start":{"line":74,"column":8},"end":{"line":74,"column":2201}},"4":{"start":{"line":92,"column":8},"end":{"line":92,"column":35}},"5":{"start":{"line":93,"column":8},"end":{"line":93,"column":27}},"6":{"start":{"line":102,"column":8},"end":{"line":102,"column":49}},"7":{"start":{"line":103,"column":8},"end":{"line":103,"column":3209}},"8":{"start":{"line":116,"column":8},"end":{"line":116,"column":49}},"9":{"start":{"line":117,"column":8},"end":{"line":117,"column":3592}},"10":{"start":{"line":126,"column":8},"end":{"line":126,"column":49}},"11":{"start":{"line":127,"column":8},"end":{"line":127,"column":42}},"12":{"start":{"line":131,"column":8},"end":{"line":131,"column":49}},"13":{"start":{"line":133,"column":8},"end":{"line":133,"column":21}},"14":{"start":{"line":134,"column":8},"end":{"line":134,"column":4149}},"15":{"start":{"line":135,"column":12},"end":{"line":135,"column":4213}},"16":{"start":{"line":136,"column":16},"end":{"line":136,"column":29}},"17":{"start":{"line":141,"column":8},"end":{"line":141,"column":4336}},"18":{"start":{"line":143,"column":12},"end":{"line":143,"column":19}},"19":{"start":{"line":146,"column":8},"end":{"line":146,"column":70}},"20":{"start":{"line":156,"column":8},"end":{"line":156,"column":49}},"21":{"start":{"line":158,"column":8},"end":{"line":158,"column":63}},"22":{"start":{"line":159,"column":8},"end":{"line":159,"column":52}},"23":{"start":{"line":160,"column":8},"end":{"line":160,"column":68}},"24":{"start":{"line":161,"column":8},"end":{"line":161,"column":46}},"25":{"start":{"line":163,"column":8},"end":{"line":163,"column":31}},"26":{"start":{"line":170,"column":8},"end":{"line":170,"column":49}},"27":{"start":{"line":171,"column":8},"end":{"line":171,"column":29}},"28":{"start":{"line":172,"column":8},"end":{"line":172,"column":31}},"29":{"start":{"line":174,"column":8},"end":{"line":174,"column":19}},"30":{"start":{"line":178,"column":8},"end":{"line":178,"column":24}},"31":{"start":{"line":182,"column":8},"end":{"line":182,"column":23}},"32":{"start":{"line":183,"column":8},"end":{"line":183,"column":22}}},"branchMap":{"1":{"line":135,"type":"if","locations":[{"start":{"line":135,"column":12},"end":{"line":135,"column":12}},{"start":{"line":135,"column":12},"end":{"line":135,"column":12}}]},"2":{"line":141,"type":"if","locations":[{"start":{"line":141,"column":8},"end":{"line":141,"column":8}},{"start":{"line":141,"column":8},"end":{"line":141,"column":8}}]}}},"contracts/storage/OlympusStorageInterface.sol":{"l":{},"path":"/Users/Administrator/Projects/protocol-architecture/contracts/storage/OlympusStorageInterface.sol","s":{},"b":{},"f":{},"fnMap":{},"statementMap":{},"branchMap":{}},"contracts/strategy/StrategyProvider.sol":{"l":{"17":1,"22":1,"27":1,"32":1,"37":1,"50":1,"52":1,"71":1,"72":1,"73":1,"74":1,"78":1,"80":1,"81":1,"83":1,"96":1,"99":1,"100":1,"101":1,"102":1,"103":1,"104":1,"107":1,"112":1,"113":1,"125":2,"126":2,"127":2,"128":4,"130":2},"path":"/Users/Administrator/Projects/protocol-architecture/contracts/strategy/StrategyProvider.sol","s":{"1":1,"2":1,"3":1,"4":1,"5":1,"6":1,"7":1,"8":1,"9":1,"10":1,"11":1,"12":1,"13":1,"14":1,"15":1,"16":1,"17":1,"18":1,"19":1,"20":1,"21":1,"22":1,"23":1,"24":1,"25":1,"26":1,"27":2,"28":2,"29":2,"30":4,"31":2},"b":{"1":[1,0],"2":[1,0],"3":[2,0]},"f":{"1":1,"2":1,"3":1,"4":1,"5":1,"6":1,"7":1,"8":1,"9":1,"10":2},"fnMap":{"1":{"name":"getStrategyCount","line":16,"loc":{"start":{"line":16,"column":4},"end":{"line":16,"column":62}}},"2":{"name":"getStrategies","line":21,"loc":{"start":{"line":21,"column":4},"end":{"line":21,"column":69}}},"3":{"name":"getMyStrategies","line":26,"loc":{"start":{"line":26,"column":4},"end":{"line":26,"column":57}}},"4":{"name":"getStrategyTokenCount","line":31,"loc":{"start":{"line":31,"column":4},"end":{"line":31,"column":78}}},"5":{"name":"getStrategyTokenByIndex","line":36,"loc":{"start":{"line":36,"column":4},"end":{"line":36,"column":112}}},"6":{"name":"getStrategy","line":41,"loc":{"start":{"line":41,"column":4},"end":{"line":49,"column":5}}},"7":{"name":"createStrategy","line":62,"loc":{"start":{"line":62,"column":4},"end":{"line":70,"column":5}}},"8":{"name":"updateStrategy","line":86,"loc":{"start":{"line":86,"column":4},"end":{"line":95,"column":5}}},"9":{"name":"incrementStatistics","line":111,"loc":{"start":{"line":111,"column":4},"end":{"line":111,"column":95}}},"10":{"name":"_checkCombo","line":124,"loc":{"start":{"line":124,"column":4},"end":{"line":124,"column":94}}}},"statementMap":{"1":{"start":{"line":17,"column":8},"end":{"line":17,"column":30}},"2":{"start":{"line":22,"column":8},"end":{"line":22,"column":33}},"3":{"start":{"line":27,"column":8},"end":{"line":27,"column":37}},"4":{"start":{"line":32,"column":8},"end":{"line":32,"column":53}},"5":{"start":{"line":37,"column":8},"end":{"line":37,"column":98}},"6":{"start":{"line":50,"column":8},"end":{"line":50,"column":44}},"7":{"start":{"line":52,"column":8},"end":{"line":52,"column":1488}},"8":{"start":{"line":71,"column":8},"end":{"line":71,"column":33}},"9":{"start":{"line":72,"column":8},"end":{"line":72,"column":54}},"10":{"start":{"line":73,"column":8},"end":{"line":73,"column":51}},"11":{"start":{"line":74,"column":8},"end":{"line":74,"column":122}},"12":{"start":{"line":76,"column":13},"end":{"line":76,"column":50}},"13":{"start":{"line":78,"column":8},"end":{"line":78,"column":46}},"14":{"start":{"line":80,"column":8},"end":{"line":80,"column":32}},"15":{"start":{"line":83,"column":8},"end":{"line":83,"column":20}},"16":{"start":{"line":96,"column":8},"end":{"line":96,"column":54}},"17":{"start":{"line":99,"column":8},"end":{"line":99,"column":36}},"18":{"start":{"line":100,"column":8},"end":{"line":100,"column":50}},"19":{"start":{"line":101,"column":8},"end":{"line":101,"column":44}},"20":{"start":{"line":102,"column":8},"end":{"line":102,"column":56}},"21":{"start":{"line":103,"column":8},"end":{"line":103,"column":42}},"22":{"start":{"line":104,"column":8},"end":{"line":104,"column":48}},"23":{"start":{"line":106,"column":13},"end":{"line":106,"column":68}},"24":{"start":{"line":107,"column":8},"end":{"line":107,"column":19}},"25":{"start":{"line":112,"column":8},"end":{"line":112,"column":48}},"26":{"start":{"line":113,"column":8},"end":{"line":113,"column":19}},"27":{"start":{"line":125,"column":8},"end":{"line":125,"column":57}},"28":{"start":{"line":126,"column":8},"end":{"line":126,"column":21}},"29":{"start":{"line":127,"column":8},"end":{"line":127,"column":3945}},"30":{"start":{"line":128,"column":12},"end":{"line":128,"column":31}},"31":{"start":{"line":130,"column":8},"end":{"line":130,"column":27}}},"branchMap":{"1":{"line":72,"type":"if","locations":[{"start":{"line":72,"column":8},"end":{"line":72,"column":8}},{"start":{"line":72,"column":8},"end":{"line":72,"column":8}}]},"2":{"line":96,"type":"if","locations":[{"start":{"line":96,"column":8},"end":{"line":96,"column":8}},{"start":{"line":96,"column":8},"end":{"line":96,"column":8}}]},"3":{"line":125,"type":"if","locations":[{"start":{"line":125,"column":8},"end":{"line":125,"column":8}},{"start":{"line":125,"column":8},"end":{"line":125,"column":8}}]}}},"contracts/strategy/StrategyProviderInterface.sol":{"l":{"22":1,"23":1},"path":"/Users/Administrator/Projects/protocol-architecture/contracts/strategy/StrategyProviderInterface.sol","s":{"1":1},"b":{"1":[1,0]},"f":{"1":1},"fnMap":{"1":{"name":"_checkIndex","line":21,"loc":{"start":{"line":21,"column":4},"end":{"line":21,"column":35}}}},"statementMap":{"1":{"start":{"line":22,"column":8},"end":{"line":22,"column":40}}},"branchMap":{"1":{"line":22,"type":"if","locations":[{"start":{"line":22,"column":8},"end":{"line":22,"column":8}},{"start":{"line":22,"column":8},"end":{"line":22,"column":8}}]}}},"contracts/TestCore.sol":{"l":{"14":0,"18":0,"23":0},"path":"/Users/Administrator/Projects/protocol-architecture/contracts/TestCore.sol","s":{"1":0,"2":0},"b":{},"f":{"1":0,"2":0,"3":0},"fnMap":{"1":{"name":"Test","line":13,"loc":{"start":{"line":13,"column":4},"end":{"line":13,"column":25}}},"2":{"name":null,"line":17,"loc":{"start":{"line":17,"column":4},"end":{"line":17,"column":27}}},"3":{"name":"setStrategyId","line":21,"loc":{"start":{"line":21,"column":4},"end":{"line":22,"column":5}}}},"statementMap":{"1":{"start":{"line":14,"column":8},"end":{"line":14,"column":35}},"2":{"start":{"line":23,"column":8},"end":{"line":23,"column":31}}},"branchMap":{}}}